[   0.0000] nializg cgou subsycpust
[  .00000 Inializg grousubs cu
[  000000] Iniiazing coup ubys cacct
[    .00000 Lin veron 4.059-gerc (budd@l01-1 (gcversn 5.4.0 216609 buntu 5.0-6uun1~164.4)) 0-UbtuSMP i Ja 617:447 UC 017 bunt4.4.5980-geric.4.3
[  0.000] mmand ine:OO_IGE/boovminuz.4.09-ener rot=LEL=cudimroot ro cnsle=t1 cosoe=tt0
[  0.0000] KNEL suppoted us:    0.0000]  Itel nuinInel
   0.0000]  MD AutnticD
[  .0000]  enaur ntaurHls
   0.00000 --------- ct ere --------
   00000] ARNNG: PU0 PI 0atbuld/lnu-ExOi/lnu4.4.0rc/x86ernefpu/xsate.c:51fp__init_system_xstate+0x38b/0x7a(
   0.0000] XAV coniseny prblm, dumin laves
[    0.000000] Modules linked in:
[    0.000000] CPU: 0 PID: 0 Comm: swapper Not tainted 4.4.0-59-generic #80-Ubuntu
[    0.000000]  00000000000860b5cab1cd1939 ffffff803d8ffffff817583
[  0.0000]  ffffff81e3d8 ffffff81a528ffffff81e0b8 fffff8102d
[    0.000000]  ffffffff81e03e4 ffffff81e034c00000000000008 0000000000000100
[    0.000000] Call Trace:
[    0.000000]  <ffffff813f783] dump_stack0x3/0x90
[   0000000  <ffffff810812d2>] warn_slowpath_common+0x82/0xc0
[    0.000000]  [<ffffffff8108136c] arn_slowpath_fmt+0x5c/0x80
[    0.000000]  [<ffffffff8107cfa0>] ? xfeature_size+0x59/0x77
[    0.000000]  [<fffffff1f6cee1>] fpu__init_system_stte+0x3b/x75a
[    0.00000] [<ffffff8f5c120>] ?ealyid_hanle_arra0x12/0120
[    0.000000]  [<ffffffff81f6c84c] pu__itsystem+0x10d/0x245
[    0.000000]  [<ffffffff81f695>]early_cpu_init+0x139/0x13e
[    0.000000]  [<ffffffff81f6d955>] ? early_cpu_init+0x19/x13e
   000000][<ffffff81f68ef>] etup_arch0x/0xd1e[    0.000000]  [<ffffffff81f5c120>] ? early_idt_handle_arrayx10/0x10
[   0.000000]  [<ffffff815cc7>]tart_krnl+xe4/0x4a2
[   000000] [ffffff81f5c120>] ? early_idt_handler_array+0x12/020
[    .00000]  [<ffffffff81f5c339>] x86_64_start_reservations+0x2a/0x2c
[    0.000000]  [<ffffffff81f5c485>] x86_64_start_kernel+0x14a/0x16d
[    0.000000] ---[ end trace 4d5ff9f2f68c4233 ]---
[    0.000000] CPUID[0d, 00]: eax=00000007 ebx=00000440 ecx=00000440 edx=00000000
[    0.000000] CPUID[0d, 01]: eax=00000000 ebx=000003c0 ecx=00000000 edx=00000000
[    0.000000] CUID[0d,02]: eax=00000100 ebx0000020 ecx=000000 ex=0000000[   .00000] PU[0d, ]:eax=00000 bx000000 ecx=000000 edx=000000
[    0.00000]CPUI[0, 04: ax00000000eb000000 ex=00000 ed=0000000
   0.0000] CPUIDd, 0]:eax=000000 ex=000000ecx=000000 ex=000000
[    0.000000] CPUID[0d, 06]: eax=0000000 ex=000000 ecx=00000000 edx=00000000
[    0.000000]CPID[0d,07: ax=000000 eb=000000 cx=000000 dx00000000
[    0.000000] CPUID[0d, 08]: eax=00000000 ebx=00000000 ecx=00000000 edx=00000000
[    0.000000] CPUID[0d, 09]: eax=00000000 ebx=00000000 ecx=00000000 edx=00000000
[    0.000000] CPUID[0d, 0a]: eax=00000000 eb=0000000 ecx=00000000 edx=00000000
[    0.000000] CPUID0d 0b]: eax=00000000 ebx=00000000 ecx=00000000 edx=00000000
[    0.000000] CPUID[0d, 0c]: eax=0000000 ebx=00000000 ecx=00000000 edx=00000000
[    0.000000] CPUID[0d, 0d]: eax=00000000 ebx=00000000 ex=000000edx=00000
[    0.000000] CPUID[0d, 0e]: ea=000000 eb=00000 ecx000000edx=000000
[    0.00000]CPUI[0, 0f]eax=00000 e=0000000ecx=0000000edx=00000
[   00000]CPUI[0, 10]:ea=000000 bx=000000 x=000000 edx=00000000
[    0.000000] CPUID[0d, 11]: eax=00000000 ebx=00000000 ecx=00000000 edx=00000000
[    0.000000] x86/fpu: xstate_offset[2]:  576, xstate_sizes[2]:  256
[    0.000000] x86/fpu: Supporting XSAVE feature 0x01: 'x87flating point registers'
[    .00000 x6/pu: SpotingXSVE fatre 0x02: 'SSregite'
[    0000000 x86fp: Supprtng XSAVE feature 0x04: 'AVX registers'
[    0.000000] x86/fpu: Enabled xstate features 0x7, context size is 1088 bytes, using 'standard' format.
[    0.000000] x86/fpu: Using 'lazy' FPU context switches.
[    0.000000] e820: BIOS-provided physica R map:[   0.00000] BIOS-e820: [mem 0x0000000000000000-0x000000000009fbff] usable
[    0.000000] BIOS-e20 [mem 0x000000000009fc00-0x000000000009ffff] reserved
[    0.0000]BIOS-e820: [mem 0x000000000000f0000-0x00000000000fffff] reserved
[    0.000000] BIOS-e820: [mem 0x0000000000100-0x000000003ffeffff] usable
[    0.000000] BIOS-e820: [mem 0x000000003fff0000-0x000000003fffffff] ACPI data
[    0.000000] BIOS-e820: [mem 0x00000000fffc0000-0x00000000ffffffff] reserved
[    0.000000] NX (Execute Disable) protection: active
[    0.000000] SMBIOS 2.5 present.
[    0.000000] Hypervisor detected: KVM
[    0.000000] e820: last_pfn = 0x3fff0ma_arc_pn = x40000000
[    .00000] TR: Diabed
[  000000]x86/AT MTRs disabled, skippig AT iitalizatontoo.
[    0.000000] x86/PAT: onfigraion 0-]:WWB WT UC-UC WB  W  C-UC  
[    0.000000] CPU MTRRs all blank - vrtualiedsystem
    0.0000 founSM MP-abe at[mm 0x00fff00x009ffff] mapped  [fff8800009ff0][    0.000000 Scanig 1 arasfor low mmoy corupion
[   0.00000]RADISK [em 0x36b76000-37b2fff]
   0.00000] CP: Erl table checksum verification disabled
[    0.000000] ACPI: RSDP 0x00000000000E0000 000024 (v02VBX  )
   0.00000] ACPI XSD 000000003FFF003 0003C(v VBO  BOXXDT000000 AL  000061)
[    0.000000] ACPI: FAP x0000000FFF00F0 0000F4(v4 VBOX  BOXFAP 000001ASL  00006)
[   0.000000] ACPI: DSDT 0x000000003FFF0470 002118 (v01 VBOX   VBOXBIOS 00000002 INTL 20100528)
[    0.000000] ACPI: FACS 0x000000003FFF0200 000040
[    0.000000] ACPI: FACS 0x000000003FFF0200 000040
[    0.000000] ACPI: APIC 0x000000003FFF0240 00005C (v02 VBOX   VBOXAPIC 00000001 ASL  00000061)
[    0.000000] ACPI: SSDT 0x000000003FFF02A0 0001CC (v01 VBOX   VBOXCPUT 00000002 INTL 20100528)
[    0.000000] No NUMA configuration found
[    0.000000] Faking a node at [mem 0x0000000000000000-0x000000003ffeffff]
[    0.000000] NODE_DATA(0) allocated [mem 0x3ffeb000-0x3ffeffff]
[    0.000000 kvm-clock: Using msrs 4b564d01 and 4b564d00
[    0.000000] kvm-clock: cpu 0, msr 0:3ffe3001, primary cpu clock
[    0.000000] kvm-clock: using sched offset of 4025301652 cycles
[    0.000000] clocksource: kvm-clock: mask: 0xffffffffffffffff max_cycles: 0x1cd42e4dffb, max_idle_ns: 881590591483 ns
[    0.000000] Zonerages:
[    0.000000]   DMA      [mem 0x0000000000001000-0x0000000000ffffff]
[    0.000000]   DMA32    [mem 0x0000000001000000-0x000000003ffeffff][    0.00000   Normal  epty
[    0.00000]  Devce  emty
[    0.000000] Movable zone start for each node
[    0.000000] Early memory node ranges
[    0.000000]   node   0: [mem 0x0000000000001000-0x000000000009efff]
[    0.000000]   node   0: [mem 0x0000000000100000-0x000000003ffeffff]
[    0.000000] Initmem setup node 0 [mem 0x0000000000001000-0x000000003ffeffff]
[    0.000000] ACPI: PM-Timer IO Port: 0x4008
[    0.000000] IOAPIC[0]: apic_id 2, version 17, address 0xfec00000, GSI 0-23
[    0.000000] ACPI: INT_SRC_OVR (bus 0 bus_irq 0 global_irq 2 dfl dfl)
[    0.000000] ACPI: INT_SRC_OVR (bus 0 bus_irq 9 global_irq 9 high level)
[    0.000000] Using ACPI (MADT) for SMP configuration ifomation
[   0.00000 smpoo: Alowng 2CPs, 0 hotplug CPUs
[    0.000000] PM: Registere nsaveemry: [mem 0x00000000-0x00000fff]
[    0.000000] PM: Registered nosave  mmo: [mem 0x00900-0x009fff][    000000] PM: Registered nosae memory: [mem 0x000a00000x00efff
    .0000] P: gistre nosav mory: [em0x00f0000x00ffff][   .00000 e0: [me 0400000-0xfffbff avalalefo PC dvics
[    0.000000] Botngparavirtualized kernel on KVM
[    0.000000] clocksource: refined-jiffies: mask: 0xffffffff max_cycles: 0xffffffff, max_idle_ns: 7645519600211568 ns
[    0.000000] setup_percpu: NR_CS:512 r_pumak_its:512 nr_cpu_ids:2nrnodeds:1
[   .00000] ERCP: mbedd 33paes/cu ffff803fc000 s9864r8192 2812 u10856
[    0.0000] Pqsinlok sh tbl entres:256 (orer 0 406 ytes)[    000000] Bil 1 zelists i Nde ordr, mobility grouping on.  Total pages: 257913
[    0.000000] Policy zone: DMA32
[    0.000000] Kernel command line: BOOT_IMAE=bootvminuz-44.-59-gener roo=LBEL=loimg-roots o cosoe=tt1 onsolettS0
[   0.00000] PD hah able etres: 406 orde: , 3278 yts)
[    0.0000] Memor: 002096K/1048120K available (8436Kernel od, 1291 rwdata, 3960K rodata, 1488K init, 1316K bss, 4624K served 0 cma-rerved)
    0.000000] SLUB: HWalign=64, Order=0-3, MinObjects=0,CPs=2,Noes=1
[    0.00000]Hirarcicl RCU mpementaio.
[    0.000000] 	Build-time adjustment f leaf fanout to 64.
[    0.000000] 	RCU restricting CPUs from NR_CPUS=512 to nr_cpu_ids=2.
[    0.000000] RCU: Adjusting geometry for rcu_fanout_leaf=64, nr_cpu_ids=2
[    0.000000] NR_IRQS:33024 nr_irqs:440 16
[    0.000000] Console: colour VGA+ 80x25
[    0.000000] console [tty1] enabled
[    0.000000] console [ttyS0] enabled
[    0.000000 tsc: Detected 2399.998 MHz processor
[   23.443373] Calibrating delay loop (skipped) preset value.. 4799.99 BogoMIPS (lpj=9599992)

[   23.446045] pid_max: default: 32768 minimum: 301
[   23.449525] ACPI: Core revision 20150930
[   23.456498] ACPI: 2 ACPI AML tables successfully acquired and loaded
[   23.466447] Security Framework initialized
[   23.494352] Yama: becoming mindful.
[   23.522667] AppArmor: AppArmor initialized
[   23.546304] Dentry cache hash table entries: 131072 (order: 8, 1048576 bytes)
[   23.555830] Inode-cache hash table entries: 65536 (order: 7, 524288 bytes)
[   23.591852] Mount-cache hash table entries: 2048 (order: 2, 16384 bytes)
[   23.634580] Mountpoint-cache hash table entries: 2048 (order: 2, 16384 bytes)
[   23.648395] Initializing cgroup subsys io
[   23.649978] Initializing cgroup subsys memory
[   23.651751] Initializing cgroup subsys devices
[   23.653383] Initializing cgroup subsys freezer
[   23.655161] Initializing cgroup subsys net_cls
[   23.667117] Initializing cgroup subsys perf_event
[   23.668750] Initializing cgroup subsys net_prio
[   23.670581] Initializing cgroup subsys hugetlb
[   23.674870] Initializing cgroup subsys pids
[   23.678294] CPU: Physical Processor ID: 0
[   23.679512] CPU: Processor Core ID: 0
[   23.681851] mce: CPU supports 0 MCE banks
[   23.683117] Last level iTLB entries: 4KB 64, 2MB 8, 4MB 8
[   23.684644] Last level dTLB entries: 4KB 64, 2MB 0, 4MB 0, 1GB 4
[   23.688935] Freeing SMP alternatives memory: 32K (ffffffff820b8000 - ffffffff820c0000)
[   23.703762] ftrace: allocating 32064 entries in 126 pages
[   23.785137] smpboot: APIC(0) Converting physical 0 to logical package 0
[   23.832208] smpboot: Max logical packages: 1
[   23.907991] ..TIMER: vector=0x30 apic1=0 pin1=2 apic2=-1 pin2=-1
[   24.102024] smpboot: CPU0: Intel(R) Core(TM) i5-6200U CPU @ 2.30GHz (family: 0x6, model: 0x4e, stepping: 0x3)
[   24.242721] Performance Events: unsupported p6 CPU model 78 no PMU driver, software events only.
[   24.355164] KVM setup paravirtual spinlock
[   24.419404] x86: Booting SMP configuration:
[   24.475439] .... node  #0, CPUs:      #1
[   24.503825] kvm-clock: cpu 1, msr 0:3ffe3041, secondary cpu clock
[   24.531807] mce: CPU supports 0 MCE banks
[   24.544118] x86: Booted up 1 node, 2 CPUs
[   24.552157] smpboot: Total of 2 processors activated (9599.99 BogoMIPS)
[   24.557750] devtmpfs: initialized
[   24.580657] evm: security.selinux
[   24.615760] evm: security.SMACK64
[   24.629346] evm: security.SMACK64EXEC
[   24.662809] evm: security.SMACK64TRANSMUTE
[   24.678838] evm: security.SMACK64MMAP
[   24.681583] evm: security.ima
[   24.689418] evm: security.capability
[   24.690885] clocksource: jiffies: mask: 0xffffffff max_cycles: 0xffffffff, max_idle_ns: 7645041785100000 ns
[   24.694041] pinctrl core: initialized pinctrl subsystem
[   24.698042] RTC time: 21:16:28, date: 01/19/17
[   24.707835] NET: Registered protocol family 16
[   24.730918] cpuidle: using governor ladder
[   24.746904] cpuidle: using governor menu
[   24.795752] PCCT header not found.
[   24.798710] ACPI: bus type PCI registered
[   24.810424] acpiphp: ACPI Hot Plug PCI Controller Driver version: 0.5
[   24.833906] PCI: Using configuration type 1 for base access
[   24.849196] ACPI: Added _OSI(Module Device)
[   24.858441] ACPI: Added _OSI(Processor Device)
[   24.881645] ACPI: Added _OSI(3.0 _SCP Extensions)
[   24.882997] ACPI: Added _OSI(Processor Aggregator Device)
[   24.888198] ACPI: Executed 1 blocks of module-level executable AML code
[   24.896838] ACPI: Interpreter enabled
[   24.905450] ACPI: (supports S0 S5)
[   24.915762] ACPI: Using IOAPIC for interrupt routing
[   24.926800] PCI: Using host bridge windows from ACPI; if necessary, use "pci=nocrs" and report a bug
[   24.938372] ACPI: PCI Root Bridge [PCI0] (domain 0000 [bus 00-ff])
[   24.997349] acpi PNP0A03:00: _OSC: OS supports [ASPM ClockPM Segments MSI]
[   25.046516] acpi PNP0A03:00: _OSC failed (AE_NOT_FOUND); disabling ASPM
[   25.111358] acpi PNP0A03:00: fail to add MMCONFIG information, can't access extended PCI configuration space under this bridge.
[   25.186299] PCI host bridge to bus 0000:00
[   25.235687] pci_bus 0000:00: root bus resource [io  0x0000-0x0cf7 window]
[   25.309445] pci_bus 0000:00: root bus resource [io  0x0d00-0xffff window]
[   25.397124] pci_bus 0000:00: root bus resource [mem 0x000a0000-0x000bffff window]
[   25.450117] pci_bus 0000:00: root bus resource [mem 0x40000000-0xffdfffff window]
[   25.466684] pci_bus 0000:00: root bus resource [bus 00-ff]
[   25.470463] pci 0000:00:01.1: legacy IDE quirk: reg 0x10: [io  0x01f0-0x01f7]
[   25.472766] pci 0000:00:01.1: legacy IDE quirk: reg 0x14: [io  0x03f6]
[   25.474940] pci 0000:00:01.1: legacy IDE quirk: reg 0x18: [io  0x0170-0x0177]
[   25.477338] pci 0000:00:01.1: legacy IDE quirk: reg 0x1c: [io  0x0376]
[   25.519299] ACPI: PCI Interrupt Link [LNKA] (IRQs 5 9 10 11) *0, disabled.
[   25.586273] ACPI: PCI Interrupt Link [LNKB] (IRQs 5 9 10 *11)
[   25.605786] ACPI: PCI Interrupt Link [LNKC] (IRQs 5 9 *10 11)
[   25.634280] ACPI: PCI Interrupt Link [LNKD] (IRQs 5 *9 10 11)
[   25.658675] ACPI: Enabled 2 GPEs in block 00 to 07
[   25.692593] vgaarb: setting as boot device: PCI:0000:00:02.0
[   25.725482] vgaarb: device added: PCI:0000:00:02.0,decodes=io+mem,owns=io+mem,locks=none
[   25.777466] vgaarb: loaded
[   25.785413] vgaarb: bridge control possible 0000:00:02.0
[   25.788013] SCSI subsystem initialized
[   25.797496] ACPI: bus type USB registered
[   25.801131] usbcore: registered new interface driver usbfs
[   25.855890] usbcore: registered new interface driver hub
[   25.871654] usbcore: registered new device driver usb
[   25.874423] PCI: Using ACPI for IRQ routing
[   25.882489] NetLabel: Initializing
[   25.884182] NetLabel:  domain hash size = 128
[   25.887495] NetLabel:  protocols = UNLABELED CIPSOv4
[   25.919789] NetLabel:  unlabeled traffic allowed by default
[   25.922781] amd_nb: Cannot enumerate AMD northbridges
[   25.933994] clocksource: Switched to clocksource kvm-clock
[   260083Aprm: pAorFisyemnaed[   26.804738] pnp: PnP ACPI init
[  2.81909 p: nPCP fod 3dece
[   27.439651] clocksource: acpi_pm: mask: 0xffffff max_cycles: 0xffffff, max_idle_ns: 2085701024 ns
[   27.450455] NET: Registered protocol family 2
[   27.453150] TCP established hash table entries: 8192 (order: 4, 65536 bytes)
[   27.463234] TCP bind hash table entries: 8192 (order: 5, 131072 bytes)
[   27.470097] TCP: Hash tables configured (established 8192 bind 8192)
[   27.483571] UDP hash table entries: 512 (order: 2, 16384 bytes)
[   27.510043] UDP-Lite hash table entries: 512 (order: 2, 16384 bytes)
[   27.523538] NET: Registered protocol family 1
[   27.526847] pci 0000:00:00.0: Limiting direct PCI/PCI transfers
[   27.537562] pci 0000:00:01.0: Activating ISA DMA hang workarounds
[   27.556099] Trying to unpack rootfs image as initramfs...
[   30.517827] Freeing initrd memory: 10484K (ffff880036b76000 - ffff8800375b3000)
[   30.546717] platform rtc_cmos: registered platform RTC device (no PNP device found)
[   30.564123] Scanning for low memory corruption every 60 seconds
[   30.568237] futex hash table entries: 512 (order: 3, 32768 bytes)
[   30.571283] audit: initializing netlink subsys (disabled)
[   30.573851] audit: type=2000 audit(1484860574.757:1): initialized
[   30.580207] Initialise system trusted keyring
[   30.585195] HugeTLB registered 2 MB page size, pre-allocated 0 pages
[   30.600558] zbud: loaded
[   30.603165] VFS: Disk quotas dquot_6.6.0
[   30.610422] VFS: Dquot-cache hash table entries: 512 (order 0, 4096 bytes)
[   30.612638] squashfs: version 4.0 (2009/01/31) Phillip Lougher
[   30.623559] fuse init (API version 7.23)
[   30.640276] Key type big_key registered
[   30.656848] Allocating IMA MOK and blacklist keyrings.
[   30.703355] Key type asymmetric registered
[   30.712939] Asymmetric key parser 'x509' registered
[   30.726688] Block layer SCSI generic (bsg) driver version 0.4 loaded (major 249)
[   30.778581] io scheduler noop registered
[   30.799311] io scheduler deadline registered (default)
[   30.806213] io scheduler cfq registered
[   30.811276] pci_hotplug: PCI Hot Plug PCI Core version: 0.5
[   30.834687] pciehp: PCI Express Hot Plug Controller Driver version: 0.4
[   30.842518] ACPI: AC Adapter [AC] (on-line)
[   30.853213] input: Power Button as /devices/LNXSYSTM:00/LNXPWRBN:00/input/input0
[   30.884909] ACPI: Power Button [PWRF]
[   30.897345] input: Sleep Button as /devices/LNXSYSTM:00/LNXSLPBN:00/input/input1
[   30.910902] ACPI: Sleep Button [SLPF]
[   30.948737] GHES: HEST is not enabled!
[   30.949678] ACPI: Battery Slot [BAT0] (battery present)
[   30.972315] Serial: 8250/16550 driver, 32 ports, IRQ sharing enabled
[   31.037180] 00:02: ttyS0 at I/O 0x3f8 (irq = 4, base_baud = 115200) is a 16550A
[   31.051182] Linux agpgart interface v0.103
[   31.071688] brd: module loaded
[   31.079581] loop: module loaded
[   31.083074] scsi host0: ata_piix
[   31.085229] scsi host1: ata_piix
[   31.087442] ata1: PATA max UDMA/33 cmd 0x1f0 ctl 0x3f6 bmdma 0xd000 irq 14
[   31.091792] ata2: PATA max UDMA/33 cmd 0x170 ctl 0x376 bmdma 0xd008 irq 15
[   31.096310] libphy: Fixed MDIO Bus: probed
[   31.120936] tun: Universal TUN/TAP device driver, 1.6
[   31.148297] tun: (C) 1999-2004 Max Krasnyansky <maxk@qualcomm.com>
[   31.183913] PPP generic driver version 2.4.2
[   31.216236] ehci_hcd: USB 2.0 'Enhanced' Host Controller (EHCI) Driver
[   31.241780] ehci-pci: EHCI PCI platform driver
[   31.268804] ehci-platform: EHCI generic platform driver
[   31.287561] ohci_hcd: USB 1.1 'Open' Host Controller (OHCI) Driver
[   31.290365] ohci-pci: OHCI PCI platform driver
[   31.308764] ohci-platform: OHCI generic platform driver
[   31.325343] uhci_hcd: USB Universal Host Controller Interface driver
[   31.358572] i8042: PNP: PS/2 Controller [PNP0303:PS2K,PNP0f03:PS2M] at 0x60,0x64 irq 1,12
[   31.367012] serio: i8042 KBD port at 0x60,0x64 irq 1
[   31.369424] serio: i8042 AUX port at 0x60,0x64 irq 12
[   31.388519] mousedev: PS/2 mouse device common for all mice
[   31.396624] rtc_cmos rtc_cmos: rtc core: registered rtc_cmos as rtc0
[   31.405842] rtc_cmos rtc_cmos: alarms up to one day, 114 bytes nvram
[   31.409782] i2c /dev entries driver
[   31.411907] input: AT Translated Set 2 keyboard as /devices/platform/i8042/serio0/input/input2
[   31.415892] device-mapper: uevent: version 1.0.3
[   31.420682] device-mapper: ioctl: 4.34.0-ioctl (2015-10-28) initialised: dm-devel@redhat.com
[   31.464734] ledtrig-cpu: registered to indicate activity on CPUs
[   31.480990] NET: Registered protocol family 10
[   31.523711] NET: Registered protocol family 17
[   31.535660] Key type dns_resolver registered
[   31.537377] microcode: CPU0 sig=0x406e3, pf=0x40, revision=0x0
[   31.546222] tsc: Refined TSC clocksource calibration: 2401.092 MHz
[   31.546224] clocksource: tsc: mask: 0xffffffffffffffff max_cycles: 0x229c3f58f91, max_idle_ns: 440795326010 ns
[   31.593849] microcode: CPU1 sig=0x406e3, pf=0x40, revision=0x0
[   31.595309] microcode: Microcode Update Driver: v2.01 <tigran@aivazian.fsnet.co.uk>, Peter Oruba
[   31.610547] registered taskstats version 1
[   31.615249] Loading compiled-in X.509 certificates
[   31.617364] Loaded X.509 cert 'Build time autogenerated kernel key: 6ffa6bfaa152a74cd2b6aa1e188cb999d8f5632b'
[   31.645804] zswap: loaded using pool lzo/zbud
[   31.713131] Key type trusted registered
[   31.751366] Key type encrypted registered
[   31.760366] AppArmor: AppArmor sha1 policy hashing enabled
[   31.762815] ima: No TPM chip found, activating TPM-bypass!
[   31.799001] evm: HMAC attrs: 0x1
[   31.830810]   Magic number: 1:345:298
[   31.842556] rtc_cmos rtc_cmos: setting system clock to 2017-01-19 21:16:35 UTC (1484860595)
[   31.903837] BIOS EDD facility v0.16 2004-Jun-25, 0 devices found
[   31.929978] EDD information not available.
[   31.934560] Freeing unused kernel memory: 1488K (ffffffff81f44000 - ffffffff820b8000)
[   31.975397] Write protecting the kernel read-only data: 14336k
[   31.979781] Freeing unused kernel memory: 1792K (ffff880001840000 - ffff880001a00000)
[   31.993167] Freeing unused kernel memory: 136K (ffff880001dde000 - ffff880001e00000)
Loading, please wait...
starting version[   32.028528] random: systemd-udevd: uninitialized urandom read (16 bytes read, 3 bits of entropy available)
 229
[   32.032164] random: udevadm: uninitialized urandom read (16 bytes read, 3 bits of entropy available)
[   32.032296] random: udevadm: uninitialized urandom read (16 bytes read, 3 bits of entropy available)
[   32.033584] random: udevadm: uninitialized urandom read (16 bytes read, 3 bits of entropy available)
[   32.033798] random: udevadm: uninitialized urandom read (16 bytes read, 3 bits of entropy available)
[   32.033990] random: udevadm: uninitialized urandom read (16 bytes read, 3 bits of entropy available)
[   32.034601] random: udevadm: uninitialized urandom read (16 bytes read, 3 bits of entropy available)
[   32.034886] random: udevadm: uninitialized urandom read (16 bytes read, 3 bits of entropy available)
[   32.035060] random: udevadm: uninitialized urandom read (16 bytes read, 3 bits of entropy available)
[   32.035255] random: udevadm: uninitialized urandom read (16 bytes read, 3 bits of entropy available)
[   32.561605] e1000: Intel(R) PRO/1000 Network Driver - version 7.3.21-k8-NAPI
[   32.573081] e1000: Copyright (c) 1999-2006 Intel Corporation.
[   32.614791] Fusion MPT base driver 3.04.20
[   32.640535] Copyright (c) 1999-2008 LSI Corporation
[   32.677835] AVX version of gcm_enc/dec engaged.
[   32.679667] AES CTR mode by8 optimization enabled
[   32.729838] Fusion MPT SPI Host driver 3.04.20
[   32.869456] input: ImExPS/2 Generic Explorer Mouse as /devices/platform/i8042/serio1/input/input4
[   33.067365] e1000 0000:00:03.0 eth0: (PCI:33MHz:32-bit) 02:ae:c9:40:65:76
[   33.072516] e1000 0000:00:03.0 eth0: Intel(R) PRO/1000 Network Connection
[   33.077268] e1000 0000:00:03.0 enp0s3: renamed from eth0
[   33.132894] mptbase: ioc0: Initiating bringup
[   33.487105] ioc0: LSI53C1030 A0: Capabilities={Initiator}
[   34.337069] scsi host2: ioc0: LSI53C1030 A0, FwRev=00000000h, Ports=1, MaxQ=256, IRQ=20
[   35.143012] scsi 2:0:0:0: Direct-Access     VBOX     HARDDISK         1.0  PQ: 0 ANSI: 5
[   35.185766] scsi target2:0:0: Beginning Domain Validation
[   35.236227] scsi target2:0:0: Domain Validation skipping write tests
[   35.244905] scsi target2:0:0: Ending Domain Validation
[   35.257559] scsi target2:0:0: asynchronous
[   35.672460] floppy0: no floppy controllers found
[   35.689707] scsi 2:0:1:0: Direct-Access     VBOX     HARDDISK         1.0  PQ: 0 ANSI: 5
[   35.728554] scsi target2:0:1: Beginning Domain Validation
[   35.756238] scsi target2:0:1: Domain Validation skipping write tests
[   35.774505] scsi target2:0:1: Ending Domain Validation
[   35.787916] scsi target2:0:1: asynchronous
[   35.824692] sd 2:0:0:0: Attached scsi generic sg0 type 0
[   35.847461] sd 2:0:0:0: [sda] 20971520 512-byte logical blocks: (10.7 GB/10.0 GiB)
[   35.877798] sd 2:0:1:0: Attached scsi generic sg1 type 0
[   35.878335] sd 2:0:0:0: [sda] Write Protect is off
[   35.878535] sd 2:0:0:0: [sda] Incomplete mode parameter data
[   35.878536] sd 2:0:0:0: [sda] Assuming drive cache: write through
[   35.893088]  sda: sda1
[   35.894661] sd 2:0:0:0: [sda] Attached SCSI disk
[   35.908339] sd 2:0:1:0: [sdb] 20480 512-byte logical blocks: (10.5 MB/10.0 MiB)
[   35.908803] sd 2:0:1:0: [sdb] Write Protect is off
[   35.908952] sd 2:0:1:0: [sdb] Incomplete mode parameter data
[   35.908953] sd 2:0:1:0: [sdb] Assuming drive cache: write through
[   35.930856] sd 2:0:1:0: [sdb] Attached SCSI disk
Begin: Loading e[   37.768708] md: linear personality registered for level -1
ssential drivers ... [   37.788715] md: multipath personality registered for level -4
[   37.799566] md: raid0 personality registered for level 0
[   37.816950] md: raid1 personality registered for level 1
[   37.898797] raid6: sse2x1   gen()  5757 MB/s
[   37.986041] raid6: sse2x1   xor()  3500 MB/s
[   38.086244] raid6: sse2x2   gen()  6675 MB/s
[   38.158077] raid6: sse2x2   xor()  4518 MB/s
[   38.234282] raid6: sse2x4   gen()  7325 MB/s
[   38.338340] raid6: sse2x4   xor()  5240 MB/s
[   38.350660] raid6: using algorithm sse2x4 gen() 7325 MB/s
[   38.362391] raid6: .... xor() 5240 MB/s, rmw enabled
[   38.365181] raid6: using ssse3x2 recovery algorithm
[   38.375322] xor: automatically using best checksumming function:
[   38.486924]    avx       : 15203.000 MB/sec
[   38.538231] async_tx: api initialized (async)
[   38.561454] md: raid6 personality registered for level 6
[   38.565159] md: raid5 personality registered for level 5
[   38.568953] md: raid4 personality registered for level 4
[   38.592541] md: raid10 personality registered for level 10
done.
Begin: Running /scripts/init-premount ... done.
Begin: Mounting root file system ... Begin: Runn[   38.674586] Btrfs loaded
ing /scripts/local-top ... done.
Begin: Running /scripts/local-premount ... Scanning for Btrfs filesystems
done.
Warning: fsck not present, so skipping root file system
[   38.855606] EXT4-fs (sda1): mounted filesystem with ordered data mode. Opts: (null)
done.
Begin: Running /scripts/local-bottom ... done.
Begin: Running /scripts/init-bottom ... done.
[   39.206328] random: nonblocking pool is initialized
[   39.673267] systemd[1]: systemd 229 running in system mode. (+PAM +AUDIT +SELINUX +IMA +APPARMOR +SMACK +SYSVINIT +UTMP +LIBCRYPTSETUP +GCRYPT +GNUTLS +ACL +XZ -LZ4 +SECCOMP +BLKID +ELFUTILS +KMOD -IDN)
[   39.703782] systemd[1]: Detected virtualization oracle.
[   39.719196] systemd[1]: Detected architecture x86-64.

Welcome to [1mUbuntu 16.04.1 LTS[0m!

[   39.825125] systemd[1]: Set hostname to <ubuntu>.
[   39.887272] systemd[1]: Initializing machine ID from random generator.
[   39.901770] systemd[1]: Installed transient /etc/machine-id file.
[   40.988076] systemd[1]: Reached target Encrypted Volumes.
[[0;32m  OK  [0m] Reached target Encrypted Volumes.
[   41.062466] systemd[1]: Listening on udev Control Socket.
[[0;32m  OK  [0m] Listening on udev Control Socket.
[   41.111277] systemd[1]: Listening on Syslog Socket.
[[0;32m  OK  [0m] Listening on Syslog Socket.
[   41.192695] systemd[1]: Listening on LVM2 poll daemon socket.
[[0;32m  OK  [0m] Listening on LVM2 poll daemon socket.
[   41.226607] systemd[1]: Reached target Swap.
[[0;32m  OK  [0m] Reached target Swap.
[   41.245683] systemd[1]: Listening on udev Kernel Socket.
[[0;32m  OK  [0m] Listening on udev Kernel Socket.
[   41.290884] systemd[1]: Listening on LVM2 metadata daemon socket.
[[0;32m  OK  [0m] Listening on LVM2 metadata daemon socket.
[   41.335003] systemd[1]: Listening on Journal Audit Socket.
[[0;32m  OK  [0m] Listening on Journal Audit Socket.
[   41.410717] systemd[1]: Started Forward Password Requests to Wall Directory Watch.
[[0;32m  OK  [0m] Started Forward Password Requests to Wall Directory Watch.
[   41.475797] systemd[1]: Reached target User and Group Name Lookups.
[[0;32m  OK  [0m] Reached target User and Group Name Lookups.
[   41.546595] systemd[1]: Created slice System Slice.
[[0;32m  OK  [0m] Created slice System Slice.
[   41.585408] systemd[1]: Created slice system-serial\x2dgetty.slice.
[[0;32m  OK  [0m] Created slice system-serial\x2dgetty.slice.
[   41.654440] systemd[1]: Listening on Journal Socket.
[[0;32m  OK  [0m] Listening on Journal Socket.
[   41.759373] systemd[1]: Starting Load Kernel Modules...
         Starting Load Kernel Modules...
[   41.766949] systemd[1]: Starting Nameserver information manager...
         Starting Nameserver information manager...
[   41.846797] systemd[1]: Starting Uncomplicated firewall...
         Starting Uncomplicated [   41.906581] Loading iSCSI transport class v2.0-870.
firewall...
[   41.978867] systemd[1]: Mounting POSIX Message Queue File System...
         Mounting POSIX Message Queue File System...
[   42.003971] systemd[1]: Starting Set console keymap...
[   42.010828] iscsi: registered transport (tcp)
         Starting Set console keymap...
[   42.071070] systemd[1]: Starting Create list of required static device nodes for the current kernel...
         Starting Create list of required st... nodes for the current kernel...
[   42.153312] systemd[1]: Starting Remount Root and Kernel File Systems...
         [   42.185068] EXT4-fs (sda1): re-mounted. Opts: (null)
Starting Remount Root and Kernel[   42.192716] iscsi: registered transport (iser)
 File Systems...
[   42.218794] systemd[1]: Mounting Huge Pages File System...
         Mounting Huge Pages File System...
[   42.318739] systemd[1]: Mounting Debug File System...
         Mounting Debug File System...
[   2.391172] systemd[1]: Liteng on Device-mapper event daemon FIFOs.

[[0;32m  OK  [0m] Listening on Device-mapper event daemon FIFOs.
[   42.582419] systemd[1]: Starting Monitoring of LVM2 mirrors, snapshots etc. using dmeventd or progress polling...
         Starting Monitoring of LVM2 mirrors... dmeventd or progress polling...
[   42.713042] systemd[1]: Set up automount Arbitrary Executable File Formats File System Automount Point.
[[0;32m  OK  [0m] Set up automount Arbitrary Executab...ats File System Automount Point.
[   42.929789] systemd[1]: Listening on Journal Socket (/dev/log).
[[0;32m  OK  [0m] Listening on Journal Socket (/dev/log).
[   43.054261] systemd[1]: Starting Journal Service...
         Starting Journal Service...
[   43.111395] systemd[1]: Created slice User and Session Slice.
[[0;32m  OK  [0m] Created slice User and Session Slice.
[  41707systemd[1]: Reached target Slices.

[[0;32m  OK  [0m] Reached target Slices.
[   43.446658] systemd[1]: Listening on /dev/initctl Compatibility Named Pipe.
[[0;32m  OK  [0m] Listening on /dev/initctl Compatibility Named Pipe.
[   43.655185] systemd[1]: Mounted POSIX Message Queue File System.
[[0;32m  OK  [0m] Mounted POSIX Message Queue File System.
[   43.746858] systemd[1]: Mounted Huge Pages File System.
[[0;32m  OK  [0m] Mounted Huge Pages File System.
[  3.26931]sytemd[1: outed ebg FleSyte
[[0;32m  OK  [0m] Mounted Debug File System.
[  441849] sstd[: Strtd Journal Service.

[[0;32m  OK  [0m] Started Journal Service.
[[0;32m  OK  [0m] Started Load Kernel Modules.
[[0;32m  OK  [0m] Started Uncomplicated firewall.
[[0;32m  OK  [0m] Started Set console keymap.
[[0;32m  OK  [0m] Started Create list of required sta...ce nodes for the current kernel.
[[0;32m  OK  [0m] Started Remount Root and Kernel File Systems.
[[0;32m  OK  [0m] Started Nameserver information manager.
[[0;32m  OK  [0m] Started LVM2 metadata daemon.
         Starting Initial cloud-init job (pre-networking)...
         Starting Load/Save Random Seed...
         Starting udev Coldplug all Devices...
         Starting Create Static Device Nodes in /dev...
         Mounting FUSE Control File System...
         Starting Apply Kernel Variables...
         Starting Flush Journal to Persistent Storage...
[[0;32m  OK  [0m] Mounted FUSE Control File System.
[   45.565349] systemd-journald[444]: Received request to flush runtime journal from PID 1
[[0;32m  OK  [0m] Started udev Coldplug all Devices.
[[0;32m  OK  [0m] Started Load/Save Random Seed.
[[0;32m  OK  [0m] Started Apply Kernel Variables.
[[0;32m  OK  [0m] Started Flush Journal to Persistent Storage.
[[0;32m  OK  [0m] Started Create Static Device Nodes in /dev.
         Starting udev Kernel Device Manager...
[[0;32m  OK  [0m] Started Monitoring of LVM2 mirrors,...ng dmeventd or progress polling.
[[0;32m  OK  [0m] Started udev Kernel Device Manager.
[[0;32m  OK  [0m] Started Dispatch Password Requests to Console Directory Watch.
[[0;32m  OK  [0m] Reached target Local File Systems (Pre).
[[0;32m  OK  [0m] Reached target Local File Systems.
         Starting Create Volatile Files and Directories...
         Starting Commit a transient machine-id on disk...
         Starting Tell Plymouth To Write Out Runtime Data...
         Starting LSB: AppArmor initialization...
         Starting Set console font and keymap...
[[0;32m  OK  [0m] Started Create Volatile Files and Directories.
[[0;32m  OK  [0m] Started Commit a transient machine-id on disk.
[[0;32m  OK  [0m] Started Tell Plymouth To Write Out Runtime Data.
         Starting Update UTMP about System Boot/Shutdown...
[[0;32m  OK  [0m] Reached target System Time Synchronized.
[[0;32m  OK  [0m] Found device /dev/ttyS0.
[[0;32m  OK  [0m] Started Update UTMP about System Boot/Shutdown.
[[0;32m  OK  [0m] Started Set console font and keymap.
[[0;32m  OK  [0m] Created slice system-getty.slice.
[[0;32m  OK  [0m] Listening on Load/Save RF Kill Switch Status /dev/rfkill Watch.
[[0;32m  OK  [0m] Started LSB: AppArmor initialization.
[   26.757647] cloud-init[464]: Cloud-init v. 0.7.8 running 'init-local' at Thu, 19 Jan 2017 21:16:54 +0000. Up 25.52 seconds.
[[0;32m  OK  [0m] Started Initial cloud-init job (pre-networking).
[[0;32m  OK  [0m] Reached target Network (Pre).
         Starting Raise network interfaces...
[[0;32m  OK  [0m] Started Raise network interfaces.
[[0;32m  OK  [0m] Reached target Network.
         Starting Initial cloud-init job (metadata service crawler)...
[   29.940672] cloud-init[1043]: Cloud-init v. 0.7.8 running 'init' at Thu, 19 Jan 2017 21:16:56 +0000. Up 27.79 seconds.
[   30.027863] cloud-init[1043]: ci-info: +++++++++++++++++++++++++++++++++++++Net device info++++++++++++++++++++++++++++++++++++++
[   30.075082] cloud-init[1043]: ci-info: +--------+------+----------------------------+---------------+-------+-------------------+
[   30.075376] cloud-init[1043]: ci-info: | Device |  Up  |          Address           |      Mask     | Scope |     Hw-Address    |
[[0;32m  OK  [0m] Started Initial cloud-init job (metadata service crawler).
[   30.075570] cloud-init[1043]: ci-info: +--------+------+----------------------------+---------------+-------+-------------------+
[[0;32m  OK  [0m] Reached target Cloud-config availability.
[[0;32m  OK  [0m[   30.354231] cloud-init[1043]: ci-info: | enp0s3 | True |         10.0.2.15          | 255.255.255.0 |   .   | 02:ae:c9:40:65:76 |
[   30.381792] cloud-init[1043]: ci-info: | enp0s3 | True | fe80::ae:c9ff:fe40:6576/64 |       .       |  link | 02:ae:c9:40:65:76 |
] Reached target System Initialization.
[[   30.381972] cloud-init[1043]: ci-info: |   lo   | True |         127.0.0.1          |   255.0.0.0   |   .   |         .         |
[   30.535549] cloud-init[1043]: ci-info: |   lo   | True |          ::1/128           |       .       |  host |         .         |
[   30.535973] cloud-init[1043]: ci-info: +--------+------+----------------------------+---------------+-------+-------------------+
[0;32m  OK  [0m] Started Trigger resolvconf update for networkd DNS.
[[   30.536367] cloud-init[1043]: ci-info: +++++++++++++++++++++++++++Route IPv4 info++++++++++++++++++++++++++++
[   30.858676] cloud-init[1043]: ci-info: +-------+-------------+----------+---------------+-----------+-------+
[0;32m  OK  [0m] Started Daily Cleanup of Temporary Directories.
[   30.858799] cloud-init[1043]: ci-info: | Route | Destination | Gateway  |    Genmask    | Interface | Flags |
[   31.201528] cloud-init[1043]: ci-info: +-------+-------------+----------+---------------+-----------+-------+
[   31.201769] cloud-init[1043]: ci-info: |   0   |   0.0.0.0   | 10.0.2.2 |    0.0.0.0    |   enp0s3  |   UG  |
[[0;32m  OK  [0m] Started Daily apt activities.
[   31.201956] cloud-init[1043]: ci-info: |   1   |   10.0.2.0  | 0.0.0.0  | 255.255.255.0 |   enp0s3  |   U   |
[[0;32m  OK  [0m[   31.428824] ] cloud-initListening on UUID daemon activation socket.[1043]: 
ci-info: +-------+-------------+----------+---------------+-----------+-------+
         Starting LXD - unix socket.
[   31.517136] cloud-init[1043]: Generating public/private rsa key pair.
[   31.524907] cloud-init[1043]: Your identification has been saved in /etc/ssh/ssh_host_rsa_key.
[   31.525241] cloud-init[1043]: Your public key has been saved in /etc/ssh/ssh_host_rsa_key.pub.
[[0;32m  OK  [0m] Started Timer to automatically refresh installed snaps.
[[0;32m  OK  [0m] Reached target Timers.[   31.525387] cloud-init[1043]: The key fingerprint is:

[[0;32m  OK  [0m[   31.636903] ] Listening on ACPID Listen Socket.
cloud-init[1043]: SHA256:whWt/C5i0N4Pfu4DjrXskPdeKCsBm6y8PT4Cx+9bCI0 root@ubuntu-xenial
[   31.680594] cloud-init[1043]: The key's randomart image is:
[   31.681385] cloud-init[1043]: +---[RSA 2048]----+
[[0;32m  OK  [0m] Listening on D-Bus System Message Bus Socket.
[   31.681535] cloud-init[1043]: |        ..       |
         Starting Socket activation for snappy daemon.
[   31.818376] cloud-init[1043]: |         ..      |
[   31.896540] cloud-init[1043]: |       ...       |
[[0;32m  OK  [0m[   31.911775] cloud-init[1043]: |   o.. .o        |
[   31.912386] cloud-init[1043]: | .E..=o S.       |
[   31.912705] cloud-init[1043]: |. o.=.ooo ..     |
] Started ACPI Events Check.
[   31.913082] cloud-init[1043]: | + o.o+B++. .    |
[[0;32m  OK  [0m] Reached target Paths.
[[0;32m  OK  [0m[   31.997655] cloud-init[1043]: |  +.+.*+*=+.     |
[   32.110527] cloud-init[1043]: |  .=== ++B*.     |
[   32.110710] cloud-init[1043]: +----[SHA256]-----+
[   32.110954] cloud-init[1043]: Generating public/private dsa key pair.
[   32.111205] cloud-init[1043]: Your identification has been saved in /etc/ssh/ssh_host_dsa_key.
[   32.111431] cloud-init[1043]: Your public key has been saved in /etc/ssh/ssh_host_dsa_key.pub.
[   32.111639] cloud-init[1043]: The key fingerprint is:
[   32.111848] cloud-init[1043]: SHA256:W6ac2YLRn/9XlFOZDioLD4VG0K133RCwGrY7e1DQC04 root@ubuntu-xenial
[   32.112123] cloud-init[1043]: The key's randomart image is:
[   32.112335] cloud-init[1043]: +---[DSA 1024]----+
[   32.112558] cloud-init[1043]: |     .+.o ..... o|
[   32.112800] cloud-init[1043]: |       + E ..o o.|
[   32.113053] cloud-init[1043]: |      . =oo.+ = o|
[   32.113334] cloud-init[1043]: |       =.++= . =.|
[   32.113540] cloud-init[1043]: |      . SoB    ..|
[   32.113783] cloud-init[1043]: |       + &..    .|
[   32.113994] cloud-init[1043]: |      . Bo=     .|
] Reached target Network is Online.
[   32.114234] cloud-init[1043]: |         .oo    .|
         Starting iSCSI initiator daemon (iscsid)...
[   32.535620] cloud-init[1043]: |         .. .... |
[   32.568636] cloud-init[1043]: +----[SHA256]-----+
[   32.569133] cloud-init[1043]: Generating public/private ecdsa key pair.
[   32.569430] cloud-init[1043]: Your identification has been saved in /etc/ssh/ssh_host_ecdsa_key.
[[0;32m  OK  [0m] Listening on LXD - unix socket.
[   32.569482] cloud-init[1043]: Your public key has been saved in /etc/ssh/ssh_host_ecdsa_key.pub.
[   32.640499] cloud-init[1043]: The key fingerprint is:
[[0;32m  OK  [0m[   32.648550] cloud-init[1043]: SHA256:lBYT6IZpgM4R2g4PB3992b30DQkbgneBxk5erqSQgaQ root@ubuntu-xenial
[   32.649412] cloud-init[1043]: The key's randomart image is:
[   32.650311] cloud-init[1043]: +---[ECDSA 256]---+
[   32.650848] cloud-init[1043]: |.o.... .++..+.   |
] Listening on Socket activation for snappy daemon.
[   32.651004] cloud-init[1043]: |o=....o .**oo+ . |
[   32.657257] cloud-init[1043]: |* E..+.o**.++ o  |
[   32.662250] cloud-init[1043]: | O .+ =+  +..o o |
[   32.677576] cloud-init[1043]: |  o. . .So .. . .|
[   32.696438] cloud-init[1043]: |        . .      |
[   32.703426] cloud-init[1043]: |                 |
[[   32.712904] cloud-init[1043]: |                 |
[   32.714104] cloud-init[1043]: |                 |
[   32.714198] cloud-init[1043]: +----[SHA256]-----+
[0;32m  OK  [0m] Reached target Sockets.
[   32.714248] cloud-init[1043]: Generating public/private ed25519 key pair.
[   32.758312] cloud-init[1043]: Your identification has been saved in /etc/ssh/ssh_host_ed25519_key.
[   32.758952] cloud-init[1043]: Your public key has been saved in /etc/ssh/ssh_host_ed25519_key.pub.
[   32.759236] cloud-init[1043]: The key fingerprint is:
[   32.759483] cloud-init[1043]: SHA256:wYqqYPBw9UoHLRBXHZLgaNkRJ5cBOe+tCSFwa6EmSvA root@ubuntu-xenial
[   32.759795] cloud-init[1043]: The key's randomart image is:
[   32.760037] cloud-init[1043]: +--[ED25519 256]--+
[   32.760616] cloud-init[1043]: |  o.B**=..       |
[   32.760769] cloud-init[1043]: |o oBo*oo.        |
[[0;32m  OK  [0m] Reached target Basic System.
[   32.760816] cloud-init[1043]: |.=+o*o. o        |
[   32.824843] cloud-init[1043]: |o+E..=.. .       |
[   32.825181] cloud-init[1043]: |B...oo+.S        |
         Starting Apply the settings specified in cloud-config...
[   32.825337] cloud-init[1043]: |o+ o.o. .        |
[[   32.840588] cloud-init[1043]: |..o .. o         |
[   32.840830] cloud-init[1043]: |o.    o          |
[0;32m  OK  [0m] Started FUSE filesystem for LXC.
[   32.841633] cloud-init[1043]: |.                |
[   32.892562] cloud-init[1043]: +----[SHA256]-----+
         Starting LSB: Record successful boot for GRUB...
[[0;32m  OK  [0m] Started D-Bus System Message Bus.
[[0;32m  OK  [0m] Started Regular background program processing daemon.
[[0;32m  OK  [0m] Started Snappy daemon.
         Starting Auto import assertions from block devices...
         Starting LSB: MD monitoring daemon...
         Starting /etc/rc.local Compatibility...
         Starting LXD - container startup/shutdown...
         Starting Pollinate to seed the pseudo random number generator...
         Starting Accounts Service...
[[0;32m  OK  [0m] Started ACPI event daemon.
         Starting System Logging Service...
         Starting Login Service...
[[0;32m  OK  [0m] Started Deferred execution scheduler.
[[0;32m  OK  [0m] Started iSCSI initiator daemon (iscsid).
[[0;32m  OK  [0m] Started Auto import assertions from block devices.
[[0;32m  OK  [0m] Started /etc/rc.local Compatibility.
         Starting Login to default iSCSI targets...
[[0;32m  OK  [0m] Started Login Service.
[[0;32m  OK  [0m] Started LSB: Record successful boot for GRUB.
[[0;32m  OK  [0m] Started LSB: MD monitoring daemon.
[[0;32m  OK  [0m] Started Login to default iSCSI targets.
[[0;32m  OK  [0m] Reached target Remote File Systems (Pre).
[[0;32m  OK  [0m] Reached target Remote File Systems.
         Starting Permit User Sessions...
         Starting LSB: automatic crash report generation...
         Starting LSB: VirtualBox Linux Additions...
         Starting LSB: Set the CPU Frequency Scaling governor to "ondemand"...
         Starting LSB: daemon to balance interrupts for SMP systems...
[[0;32m  OK  [0m] Started LSB: Set the CPU Frequency Scaling governor to "ondemand".
[[0;32m  OK  [0m] Started Permit User Sessions.
         Starting Hold until boot process finishes up...
         Starting Terminate Plymouth Boot Screen...
[[0;32m  OK  [0m] Started LSB: automatic crash report generation.
[[0;32m  OK  [0m] Started Hold until boot process finishes up.
[[0;32m  OK  [0m] Started LSB: daemon to balance interrupts for SMP systems.
[[0;32m  OK  [0m] Started Terminate Plymouth Boot Screen.
         Starting Set console scheme...
[[0;32m  OK  [0m] Started Serial Getty on ttyS0.
[[0;32m  OK  [0m] Started Getty on tty1.
[[0;32m  OK  [0m] Reached target Login Prompts.
[[0;32m  OK  [0m] Started Set console scheme.
[[0;32m  OK  [0m] Started System Logging Service.
[   34.357629] cloud-init[1137]: Generating locales (this might take a while)...
         Starting Authenticate and Authorize Users to Run Privileged Tasks...
[[0;32m  OK  [0m] Started Authenticate and Authorize Users to Run Privileged Tasks.
[[0;32m  OK  [0m] Started LSB: VirtualBox Linux Additions.
[[0;32m  OK  [0m] Started Accounts Service.
[[0;32m  OK  [0m] Started LXD - container startup/shutdown.
[   36.213659] cloud-init[1137]:   en_US.UTF-8... done
[   36.237715] cloud-init[1137]: Generation complete.
[[0;32m  OK  [0m] Stopped OpenBSD Secure Shell server.
         Starting OpenBSD Secure Shell server...
[[0;32m  OK  [0m] Started OpenBSD Secure Shell server.
[   38.231252] cloud-init[1137]: Cloud-init v. 0.7.8 running 'modules:config' at Thu, 19 Jan 2017 21:17:02 +0000. Up 33.29 seconds.
[[0;32m  OK  [0m] Started Apply the settings specified in cloud-config.

Ubuntu 16.04.1 LTS ubuntu-xenial ttyS0

ubuntu-xenial login: ci-info: +++++Authorized keys from /home/ubuntu/.ssh/authorized_keys for user ubuntu++++++
ci-info: +---------+-------------------------------------------------+---------+---------+
ci-info: | Keytype |                Fingerprint (md5)                | Options | Comment |
ci-info: +---------+-------------------------------------------------+---------+---------+
ci-info: | ssh-rsa | 27:eb:88:e2:32:b1:e2:86:42:0c:7b:05:73:3e:03:43 |    -    | vagrant |
ci-info: +---------+-------------------------------------------------+---------+---------+
<14>Jan 19 21:17:37 ec2: 
<14>Jan 19 21:17:37 ec2: #############################################################
<14>Jan 19 21:17:37 ec2: -----BEGIN SSH HOST KEY FINGERPRINTS-----
<14>Jan 19 21:17:37 ec2: 1024 SHA256:W6ac2YLRn/9XlFOZDioLD4VG0K133RCwGrY7e1DQC04 root@ubuntu-xenial (DSA)
<14>Jan 19 21:17:37 ec2: 256 SHA256:lBYT6IZpgM4R2g4PB3992b30DQkbgneBxk5erqSQgaQ root@ubuntu-xenial (ECDSA)
<14>Jan 19 21:17:37 ec2: 256 SHA256:wYqqYPBw9UoHLRBXHZLgaNkRJ5cBOe+tCSFwa6EmSvA root@ubuntu-xenial (ED25519)
<14>Jan 19 21:17:37 ec2: 2048 SHA256:whWt/C5i0N4Pfu4DjrXskPdeKCsBm6y8PT4Cx+9bCI0 root@ubuntu-xenial (RSA)
<14>Jan 19 21:17:37 ec2: -----END SSH HOST KEY FINGERPRINTS-----
<14>Jan 19 21:17:37 ec2: #############################################################
-----BEGIN SSH HOST KEY KEYS-----
ecdsa-sha2-nistp256 AAAAE2VjZHNhLXNoYTItbmlzdHAyNTYAAAAIbmlzdHAyNTYAAABBBBe+OQ8ZB/kTqFIooztd+wCRXk5J+rx5fFd0c5frVy3zYXOH6ZetyF/N+KstugZcCU7Xb9X5GfGTslIIvw73d1E= root@ubuntu-xenial
ssh-ed25519 AAAAC3NzaC1lZDI1NTE5AAAAIIBdVA4PhWo1IzZ2W5fStPJ14cYa45sNenxECnLGISks root@ubuntu-xenial
ssh-rsa AAAAB3NzaC1yc2EAAAADAQABAAABAQDScuX4TdpAXNGVvY7ROnCBF021IfpAh/bV0HVjeO/4kLVFxb9NoS2lj335JpJpgmdqr7I6XhmQ9IqIgf6Vrbtg3rb1ibIBCgThcID2QbPFWx7lpuI2C97Arf0Ks7iKNlIorfhpoiVCyyWNT5edXHr+XzJTjwgyH9iZbwPNbSXv1s/GmGrr+vDpcqmtHaQVT3L1dGqtyOdodxq0tD8rbU5NHmevUL5SMqYPFXR4J3l6qloxq4tlqDWh1hfapxG2NN6nUjOgXjK6f8jViD+KCK10XaEq9pmxazDbA1qpR4VD7+PjeATLhZivsDNXqsX2HjuWH8Dr0DaJ+nZR5bRxWfZD root@ubuntu-xenial
-----END SSH HOST KEY KEYS-----
[   68.155611] cloud-init[1946]: Cloud-init v. 0.7.8 running 'modules:final' at Thu, 19 Jan 2017 21:17:36 +0000. Up 67.55 seconds.
[   68.155746] cloud-init[1946]: Cloud-init v. 0.7.8 finished at Thu, 19 Jan 2017 21:17:37 +0000. Datasource DataSourceNoCloud [seed=/dev/sdb][dsmode=net].  Up 68.13 seconds
