[   .00000Intialin cou subs puet
[    0.0000Intialing grup subsys cu
[   .0000] Iniaiizi cgrou sbs cuacct
[    .00000]Linx rson.4.0-9-generic (buildd@lgw01-11) (gcc version 5.4.0 20160609 (Ubuntu 5.4.0-6ubuntu1~16.04.4) ) #80-Ubuntu SMP Fri Jan 6 17:47:47 UTC 2017 (Ubuntu 4.4.0-59.80-generic 4.4.35)
[    0.000000] Command line: BOOT_IMAE=/boot/vmlinuz-4.4.0-59-generic oot=LABEL=cloudimg-rootfsro conse=ttyconsole=tyS0
[    0.000000] KERNEL supprted cps:
[    00000  Intel GuineIntl
[   0.0000]   AMD AuthenticAMD
[    0.000000] Ceta CenurHals
[   00000]----------[ cut her ]--------
    .0000] WARIN: CP: 0 ID0 at/bil/lin-EO9Oilinux-4.4.0/arch/x86/kernel/fpu/xstate.c:517 fpu__init_system_xstate+0x38b/0x75a()[   0000000] SAVEcosistenc poblem, dumpng leaves
[    0.0000] Mdueslinkd n:
[    0.000000] CPU: 0 PID: 0 Comm: swapper Not tainted 4.4.0-59-generic #80-Ubuntu
[    0.000000]  0000000000000086 0ca69d971dadec15 ffffffff81e03d80 ffffffff813f758
[   0.000000]  ffffffff81e03dc fffffff81ca5f28 ffffffff81e03db8 ffffffff810812d2
[    0.000000]  ffffffff81e03e48 ffffffff81e03e4c 0000000000000008 0000000000000100
[    0.000000] Call Trace:
[    0.000000]  [<ffffffff813f7583>] dump_stack+0x63/0x90
[    0.000000]  [<ffffffff810812d2>] warn_slowpath_common+0x82/0xc0
[    0.000000]  [<ffffffff8108136c>] warn_slowpath_fmt+0x5c/0x80
[    0.000000]  [<ffffffff8107ca0] ? fetue_sie+x59/x7
[    0.000000]  [<ffffffff81f6cee1>] fpu__init_system_xstate+0x38b/0x75a
   0.00000] [ffffff81f5c120>]  ? early_idt_handler_array+0x120/0x120
[    0.000000]  [<fffffff6c84c>] fpu__init_system+0x10d/0x25
[   0.00000]  [<ffffffff81f6d955>] early_cpu_init+0x139/0x13e
[    0.00000  [<ffffffff81f6d955>] ? early_cpu_init+0x139/0x13e
[    0.000000]  [<ffffffff81f68e2f>] setup_arch+0xb4/0xd1e
[    0.000000]  [<ffffffff81f5c120>] ? early_idt_handler_array+0x120/0x120
[    0.000000]  [<ffffffff81f5cc74>] start_kernel+0xe4/0x4a2
[    0.00000][<fffff8f5c12>]? ealyidt_handler_arry+0x120/0x120
[    0.000000]  [<ffffffff81f5c339>] x86_64_start_reservations+0x2a/0x2c
[    0.000000]  [<ffffffff81f5c485>] x86_64_start_kernel+0x14a/0x16d
[    0.000000] ---[ end trace 4d5ff9f2f68c4233 ]---
[    0.000000] CPUID[0d, 00]: eax=00000007 ebx=00000440 ecx=00000440 edx=00000000
[    0.000000] CPUID[0d, 01]: eax=00000000 ebx=000003c0 ecx=00000000 edx=00000000
[    0.000000] CPUID[0d, 02]: eax=00000100 ebx=00000240 ecx=00000000 edx=00000000
[    0.000000] CPUID[0d, 03]: eax=00000000 ebx=00000000 ecx=00000000 edx=00000000
[    0.000000] CPUID[0d, 04]: eax=00000000 ebx=00000000 ecx=00000000 edx=00000000
[    0.000000] CPUID[0d, 05]: eax=00000000ebx=00000000 ecx=00000000 edx=00000000
[    0.000000] CPUID[0d, 06]: eax=00000000 ebx=00000000 ecx=00000000 edx=00000000
[    0.000000] CPUID[0d, 07]: eax=00000000 ebx=00000000 ecx=0000000edx=00000000
[    0.000000] CPUID[0d, 08]: eax=00000000 ebx=00000000 ec=0000000 edx=00000000
[    0.000000] CPUID[0d, 09]: eax=00000000 ebx=00000000 ecx=00000000 edx=00000000
[    0.000000] CPUID[0d, 0a]: eax=00000000 ebx=00000000 ecx=00000000 edx=00000000
[    0.000000] CPUID[0d, 0b]: eax=00000000 ebx=00000000 ecx=00000000 edx=00000000
[    0.000000] CPUID[0d, 0c]: eax=00000000 ebx=00000000 ecx=00000000 edx=00000000[    0.000000] CPUID[0d, 0d ex=00000000 ebx=00000000 ecx=0000000 ex=0000000
[    0.000000] CPUID[0d, 0e]: eax=00000000 ebx=00000000 ecx=00000000 edx=00000000
[    0.000000] CPUID[0d, 0f]: eax=00000000 ebx=00000000 ecx=00000000 edx=00000000
[    0.000000] CPUID[0d, 10]: eax=00000000 ebx=00000000 ecx=00000000 edx=00000000
[    0.00000] PUI[0, 1]: ax000000 ebx=00000000 ecx=000000 edx=00000000
[    0.000000] x86/fpu: xstate_offset[2]:  576, xstate_sizes2]  56
[  0.000000] x86/fpu: Supporting XSE featre0x01'x87 floating pnt registers'
[    0.000000] x86/fpu: Supporting XSAVE feature 0x02: 'SSE registers'
[    0.000000] x86/fpu: Supporting XSAVE feature 0x04: 'AVX registers'
[    0.000000] x86/fpu: Enabled xstate featues 0x7, context size is 1088 bytes, using 'standard' format.
[    0.000000] x86/fpu: Using 'lazy' FPU context switches.
[    0.000000] e820: BIOS-provided physical RAM map:
[    0.000000] BIOS-e820: [mem 0x0000000000000000-0x000000000009fbff] usable
[    0.000000] BIOS-e820: [mem 0x000000000009fc00-0x000000000009ffff] reserved
[    0.000000] BIOS-e820: [mem 0x00000000000f000-0x00000000000fffff] reserved
[    0000000] BIOS-e820: [mem 0x0000000000100000-0x000000003ffeffff] usable
[    0.000000] BIOS-e820: [mem 0x000000003fff0000-0x000000003fffffff] ACPI dat
[   0.00000]BIOS-e820: [mm x00000000fffc0000-0x00000000ffffffff] reserved
[    0.000000] NX (Execute Disable) protection: active
[    0.000000] SMBIOS 2.5 present.
[    0.000000] Hypervisor detected: KVM
[    0.000000] e820: last_pfn = 0x3fff0 max_arch_pfn = 0x400000000
[    0.000000] MTRR: Disabled
[    0.000000] x86/PAT: MTRRs disabled, skipping PAT initializatio too.
[   0.000000] x86/AT Configuration [0-7: B WT  UC- UC  WB WT  UC- UC  
[    0.000000] CPU MTRRs all blank - virtualized system.
[    0.00000] found SMP MP-table at [mem 00009fff0-00009ffff] mapped at [ffff88000009fff0]
[    0.000000] Scanning 1 area for low memory corruption
[    0.000000]AMISK: [em0x36b6000-375b2ff]
[   .00000] CPI: Erl tab cecksm erification disabled
[    0.000000] ACPI: RSDP 0x00000000000E0000 000024 (v02 VBOX  )
[    0.000000] ACPI: XSDT 0x000000003FFF0030 00003C (v01 VBOX   VBOXXSDT 00000001 ASL  00000061)
[    0.000000] ACPI: FACP 0x000000003FFF00F0 0000F4 (v04 VBOX   VBOXFACP 00000001 ASL  00000061)
[    0.000000] ACPI: DSDT 0x000000003FFF0470 002118 (v01 VBOX   VBOXBIOS 00000002 INTL 20100528)
[    0.000000] ACPI: FACS 0x000000003FFF0200 000040
[    0.000000] ACPI: FACS 0x000000003FFF0200 000040
[    0.000000] ACPI: APIC 0x000000003FFF0240 00005C (v02 VBOX   VBOXAPC 00000001 ASL  00000061)
[    0.000000] ACPI: SSDT 0x000000003FFF02A0 0001CC (v01VBX   OXCPUT 00000002 INTL 20100528)
[    0.000000] No NUMA configuration found
[    0.000000]Faing a node at [mem 0x00000000000000-0x0000003ffeffff]
[    0.000000] NODE_DATA(0) allocated [mem 0x3ffeb000-0x3ffeffff]
[    0.000000] kvm-clock: Using ms b56401and 4b56400
[    .00000 km-clk: cpu 0 mr 03fe300, rimary cpu clock
[    0.000000] kvm-clock: using sched offset of 4036709947 cycles
[    0.000000] clocksource: kvm-clock: mask: 0xffffffffffffffff max_cycles: 0x1cd42e4dffb, max_idle_ns: 881590591483 ns
[    0.000000] Zone ranges:
[    0.000000]   DMA      [mem 0x0000000000001000-0x0000000000ffffff]
[    0.000000]   DMA32    [mem 0x0000000001000000-0x000000003ffeffff]
[    0.000000]   Normal   empty
[    0.000000]   Device   empty
[    0.000000] Movable zone start for each node
[    0.000000] Early memory node ranges
[    0.000000]   node   0: [mem 0x0000000000001000-0x000000000009efff]
[    0.000000]   node   0: [mem 0x0000000000100000-0x000000003ffeffff]
[    0.000000] Initmem setup node 0 [mem 0x0000000000001000-0x000000003ffeffff]
[    0.000000] ACPI: PM-Timer IO Port: 0x4008
[    0.000000] IOAPIC[0]: apic_id 2, version 17, address 0xfec00000, GSI 0-23
[    0.000000] ACPI: INT_SRC_OVR (bus 0 bus_irq 0 global_irq 2 dfl dfl)
[    0.000000] ACPI: INT_SRC_OVR (bus 0 bus_irq 9 global_irq 9 high level)
[    0.000000] Using ACPI (MADT) for SMP configuration information
[    0.000000] smpboot: Allowing 2 CPUs, 0 hotplug CPUs
[    0.000000] PM: Registered nosave memory: [mem 0x00000000-0x00000fff]
[    0.000000] PM: Registered nosave memory: [mem 0x0009f000-0x0009ffff]
    .00000] PM: Registered nosave memory: [mem 0x0000000-0x000effff]
[    0.000000] PM: Registered nosave memory: [mem 0x000f0000-0x000fffff]
[    0.000000] e820: [mem 0x400000-0xfffbffff] available for PCI devices
[    0.000000] Booting paravirtualized kernel on KVM
[    0.000000] clocksource: refined-jiffies: mask: 0xffffffff max_cycles: 0xfffffff, ax_ilens: 76455160211568ns
[   .00000] etup_ercpu NR_CPU:52 nr_cpumask_bits:512 nr_cpu_ids:2 nr_node_ids:1
[  0.0000 PERU: Eedded 3 ages/cpu @ffff88003fc0000 9826 r19 d2872 108576
[  0.000000] PV qspinlock hash table entries: 256 (order: 0, 4096 bytes)
[    0.00000] uilt 1 zonelists in Nodde oder, mobility grouping on.  otalpaes 257913
[    0.000000] Policy ze: D32
[   .00000 Kerne commnd lin: BOOT_IMAGE=/boot/vmlinuz-4.4.0-59-generic oo=LABEL=lodimg-rootfs ro console=tty1 console=ttyS0
[    0.000000] PID hash table entries: 4096 (order: 3, 32768 bytes)
[    0.000000] Memory: 1002096K/1048120K available (8436K kernel code, 1291K rwdata, 3960K rodata, 1488K init, 1316K bss, 46024K reserved, 0K cma-reserved)
[    0.000000]SLUB HWalign=64, Order=0-3, MinObjects=0, CPUs=2, Nodes=1
[    0.000000] Hierarchical RCU implementation.
[    0.000000] 	Build-time adjustment of leaf fanout to 64.
[    0.00000] 	RCU restricting CPUs fom NR_CPUS=512 to nr_cpu_ids=2.
[    0.000000] RCU: Adjusting geomety for rcu_fanout_leaf=64, nr_cpu_ids=2
[    0.000000] NR_IRQS:33024 nr_irqs:440 16
[    .000000] Console: colour VGA+ 80x25
[    0.000000] console [tty1] enabled
[    0.000000] console [ttyS0] enabled
[    0.000000] tsc: Detected 2399.998 MHz processor
[   9.368304] Calibrating delay loop (skipped) preset value.. 4799.99 BogoMIPS (lpj=9599992)
[    9.433578] pid_max: default: 32768 minimum: 301
[    9.435826] ACPI: Core revision 20150930
[    9.444611] ACPI: 2 ACPI AML tables successfully acquired and loaded
[    9.479085] Security Framework initialized
[    9.485199] Yama: becoming mindful.
[    9.488499] AppArmor: AppArmor initialized
[    9.490565] Dentry cache hash table entries: 131072 (order: 8, 1048576 bytes)
[    9.492843] Inode-cache hash table entries: 65536 (order: 7, 524288 bytes)
[    9.500415] Mount-cache hash table entries: 2048 (order: 2, 16384 bytes)
[    9.502924] Mountpoint-cache hash table entries: 2048 (order: 2, 16384 bytes)
[    9.515102] Initializing cgroup subsys io
[    9.518346] Initializing cgroup subsys memory
[    9.519753] Initializing cgroup subsys devices
[    9.521225] Initializing cgroup subsys freezer
[    9.529235] Initializing cgroup subsys net_cls
[    9.547241] Initializing cgroup subsys perf_event
[    9.548706] Initializing cgroup subsys net_prio
[    9.550241] Initializing cgroup subsys hugetlb
[    9.551656] Initializing cgroup subsys pids
[    9.553171] CPU: Physical Processor ID: 0
[    9.571672] CPU: Processor Core ID: 0
[    9.578207] mce: CPU supports 0 MCE banks
[    9.580175] Last level iTLB entries: 4KB 64, 2MB 8, 4MB 8
[    9.607650] Last level dTLB entries: 4KB 64, 2MB 0, 4MB 0, 1GB 4
[    9.642458] Freeing SMP alternatives memory: 32K (ffffffff820b8000 - ffffffff820c0000)
[    9.687114] ftrace: allocating 32064 entries in 126 pages
[    9.794241] smpboot: APIC(0) Converting physical 0 to logical package 0
[    9.864174] smpboot: Max logical packages: 1
[    9.902122] ..TIMER: vector=0x30 apic1=0 pin1=2 apic2=-1 pin2=-1
[   10.062019] smpboot: CPU0: Intel(R) Core(TM) i5-6200U CPU @ 2.30GHz (family: 0x6, model: 0x4e, stepping: 0x3)
[   10.098996] Performance Events: unsupported p6 CPU model 78 no PMU driver, software events only.
[   10.104445] KVM setup paravirtual spinlock
[   10.109118] x86: Booting SMP configuration:
[   10.121355] .... node  #0, CPUs:      #1
[   10.152389] kvm-clock: cpu 1, msr 0:3ffe3041, secondary cpu clock
[   10.155215] mce: CPU supports 0 MCE banks
[   10.177528] x86: Booted up 1 node, 2 CPUs
[   10.198563] smpboot: Total of 2 processors activated (9599.99 BogoMIPS)
[   10.270948] devtmpfs: initialized
[   10.314653] evm: security.selinux
[   10.339767] evm: security.SMACK64
[   10.347701] evm: security.SMACK64EXEC
[   10.382629] evm: security.SMACK64TRANSMUTE
[   10.392151] evm: security.SMACK64MMAP
[   10.402854] evm: security.ima
[   10.420377] evm: security.capability
[   10.422447] clocksource: jiffies: mask: 0xffffffff max_cycles: 0xffffffff, max_idle_ns: 7645041785100000 ns
[   10.426382] pinctrl core: initialized pinctrl subsystem
[   10.459189] RTC time: 21:29:09, date: 01/20/17
[   10.470934] NET: Registered protocol family 16
[   10.506574] cpuidle: using governor ladder
[   10.551261] cpuidle: using governor menu
[   10.570024] PCCT header not found.
[   10.599490] ACPI: bus type PCI registered
[   10.614765] acpiphp: ACPI Hot Plug PCI Controller Driver version: 0.5
[   10.710625] PCI: Using configuration type 1 for base access
[   10.760511] ACPI: Added _OSI(Module Device)
[   10.778951] ACPI: Added _OSI(Processor Device)
[   10.814303] ACPI: Added _OSI(3.0 _SCP Extensions)
[   10.826822] ACPI: Added _OSI(Processor Aggregator Device)
[   10.848902] ACPI: Executed 1 blocks of module-level executable AML code
[   10.862165] ACPI: Interpreter enabled
[   10.872867] ACPI: (supports S0 S5)
[   10.898878] ACPI: Using IOAPIC for interrupt routing
[   10.912088] PCI: Using host bridge windows from ACPI; if necessary, use "pci=nocrs" and report a bug
[   10.944629] ACPI: PCI Root Bridge [PCI0] (domain 0000 [bus 00-ff])
[   10.973467] acpi PNP0A03:00: _OSC: OS supports [ASPM ClockPM Segments MSI]
[   11.013055] acpi PNP0A03:00: _OSC failed (AE_NOT_FOUND); disabling ASPM
[   11.015971] acpi PNP0A03:00: fail to add MMCONFIG information, can't access extended PCI configuration space under this bridge.
[   11.040872] PCI host bridge to bus 0000:00
[   11.062144] pci_bus 0000:00: root bus resource [io  0x0000-0x0cf7 window]
[   11.072911] pci_bus 0000:00: root bus resource [io  0x0d00-0xffff window]
[   11.083218] pci_bus 0000:00: root bus resource [mem 0x000a0000-0x000bffff window]
[   11.100910] pci_bus 0000:00: root bus resource [mem 0x40000000-0xffdfffff window]
[   11.120591] pci_bus 0000:00: root bus resource [bus 00-ff]
[   11.134440] pci 0000:00:01.1: legacy IDE quirk: reg 0x10: [io  0x01f0-0x01f7]
[   11.173455] pci 0000:00:01.1: legacy IDE quirk: reg 0x14: [io  0x03f6]
[   11.199315] pci 0000:00:01.1: legacy IDE quirk: reg 0x18: [io  0x0170-0x0177]
[   11.211302] pci 0000:00:01.1: legacy IDE quirk: reg 0x1c: [io  0x0376]
[   11.352398] ACPI: PCI Interrupt Link [LNKA] (IRQs 5 9 10 11) *0, disabled.
[   11.396358] ACPI: PCI Interrupt Link [LNKB] (IRQs 5 9 10 *11)
[   11.403003] ACPI: PCI Interrupt Link [LNKC] (IRQs 5 9 *10 11)
[   11.501140] ACPI: PCI Interrupt Link [LNKD] (IRQs 5 *9 10 11)
[   11.519009] ACPI: Enabled 2 GPEs in block 00 to 07
[   11.548301] vgaarb: setting as boot device: PCI:0000:00:02.0
[   11.556898] vgaarb: device added: PCI:0000:00:02.0,decodes=io+mem,owns=io+mem,locks=none
[   11.559119] vgaarb: loaded
[   11.572792] vgaarb: bridge control possible 0000:00:02.0
[   11.597074] SCSI subsystem initialized
[   11.615361] ACPI: bus type USB registered
[   11.616749] usbcore: registered new interface driver usbfs
[   11.646386] usbcore: registered new interface driver hub
[   11.700695] usbcore: registered new device driver usb
[   11.731619] PCI: Using ACPI for IRQ routing
[   11.739176] NetLabel: Initializing
[   11.756406] NetLabel:  domain hash size = 128
[   11.760409] NetLabel:  protocols = UNLABELED CIPSOv4
[   11.768336] NetLabel:  unlabeled traffic allowed by default
[   11.779132] amd_nb: Cannot enumerate AMD northbridges
[   11.783040] clocksource: Switched to clocksource kvm-clock
[   11.811508] ApArr:AppArmr leysemnaed[  13105pn P AI it
[ 12.86699 p: nP ACPI: found 3 deics
[   13.214845] clocksource: acpi_pm: mask: 0xffffff max_cycles: 0xffffff, max_idle_ns: 2085701024 ns
[   13.232503] NET: Registered protocol family 2
[   13.240174] TCP established hash table entries: 8192 (order: 4, 65536 bytes)
[   13.248648] TCP bind hash table entries: 8192 (order: 5, 131072 bytes)
[   13.250062] TCP: Hash tables configured (established 8192 bind 8192)
[   13.253146] UDP hash table entries: 512 (order: 2, 16384 bytes)
[   13.254446] UDP-Lite hash table entries: 512 (order: 2, 16384 bytes)
[   13.257254] NET: Registered protocol family 1
[   13.267802] pci 0000:00:00.0: Limiting direct PCI/PCI transfers
[   13.269141] pci 0000:00:01.0: Activating ISA DMA hang workarounds
[   13.284175] Trying to unpack rootfs image as initramfs...
[   16.111506] Freeing initrd memory: 10484K (ffff880036b76000 - ffff8800375b3000)
[   16.144603] platform rtc_cmos: registered platform RTC device (no PNP device found)
[   16.174463] Scanning for low memory corruption every 60 seconds
[   16.189993] futex hash table entries: 512 (order: 3, 32768 bytes)
[   16.241691] audit: initializing netlink subsys (disabled)
[   16.251058] audit: type=2000 audit(1484947749.397:1): initialized
[   16.276945] Initialise system trusted keyring
[   16.305299] HugeTLB registered 2 MB page size, pre-allocated 0 pages
[   16.313882] zbud: loaded
[   16.318237] VFS: Disk quotas dquot_6.6.0
[   16.323686] VFS: Dquot-cache hash table entries: 512 (order 0, 4096 bytes)
[   16.329465] squashfs: version 4.0 (2009/01/31) Phillip Lougher
[   16.343878] fuse init (API version 7.23)
[   16.353349] Key type big_key registered
[   16.358158] Allocating IMA MOK and blacklist keyrings.
[   16.367317] Key type asymmetric registered
[   16.387933] Asymmetric key parser 'x509' registered
[   16.393161] Block layer SCSI generic (bsg) driver version 0.4 loaded (major 249)
[   16.397802] io scheduler noop registered
[   16.407364] io scheduler deadline registered (default)
[   16.413473] io scheduler cfq registered
[   16.433619] pci_hotplug: PCI Hot Plug PCI Core version: 0.5
[   16.447595] pciehp: PCI Express Hot Plug Controller Driver version: 0.4
[   16.493517] ACPI: AC Adapter [AC] (on-line)
[   16.496060] input: Power Button as /devices/LNXSYSTM:00/LNXPWRBN:00/input/input0
[   16.499699] ACPI: Power Button [PWRF]
[   16.504623] input: Sleep Button as /devices/LNXSYSTM:00/LNXSLPBN:00/input/input1
[   16.528183] ACPI: Sleep Button [SLPF]
[   16.538077] GHES: HEST is not enabled!
[   16.540234] Serial: 8250/16550 driver, 32 ports, IRQ sharing enabled
[   16.540911] ACPI: Battery Slot [BAT0] (battery present)
ÿ[   16.618421] 00:02: ttyS0 at I/O 0x3f8 (irq = 4, base_baud = 115200) is a 16550A
[   16.628810] Linux agpgart interface v0.103
[   16.662986] brd: module loaded
[   16.673785] loop: module loaded
[   16.682697] scsi host0: ata_piix
[   16.686041] scsi host1: ata_piix
[   16.688153] ata1: PATA max UDMA/33 cmd 0x1f0 ctl 0x3f6 bmdma 0xd000 irq 14
[   16.690815] ata2: PATA max UDMA/33 cmd 0x170 ctl 0x376 bmdma 0xd008 irq 15
[   16.714558] libphy: Fixed MDIO Bus: probed
[   16.726228] tun: Universal TUN/TAP device driver, 1.6
[   16.738753] tun: (C) 1999-2004 Max Krasnyansky <maxk@qualcomm.com>
[   16.761743] PPP generic driver version 2.4.2
[   16.764214] ehci_hcd: USB 2.0 'Enhanced' Host Controller (EHCI) Driver
[   16.770370] ehci-pci: EHCI PCI platform driver
[   16.778305] ehci-platform: EHCI generic platform driver
[   16.784602] ohci_hcd: USB 1.1 'Open' Host Controller (OHCI) Driver
[   16.788947] ohci-pci: OHCI PCI platform driver
[   16.793051] ohci-platform: OHCI generic platform driver
[   16.794264] uhci_hcd: USB Universal Host Controller Interface driver
[   16.803642] i8042: PNP: PS/2 Controller [PNP0303:PS2K,PNP0f03:PS2M] at 0x60,0x64 irq 1,12
[   16.855717] serio: i8042 KBD port at 0x60,0x64 irq 1
[   16.862276] serio: i8042 AUX port at 0x60,0x64 irq 12
[   16.886045] mousedev: PS/2 mouse device common for all mice
[   16.891433] rtc_cmos rtc_cmos: rtc core: registered rtc_cmos as rtc0
[   16.920644] rtc_cmos rtc_cmos: alarms up to one day, 114 bytes nvram
[   16.923829] i2c /dev entries driver
[   16.926942] input: AT Translated Set 2 keyboard as /devices/platform/i8042/serio0/input/input2
[   16.929709] device-mapper: uevent: version 1.0.3
[   16.935585] device-mapper: ioctl: 4.34.0-ioctl (2015-10-28) initialised: dm-devel@redhat.com
[   16.942562] ledtrig-cpu: registered to indicate activity on CPUs
[   16.957446] NET: Registered protocol family 10
[   16.961307] NET: Registered protocol family 17
[   16.963738] Key type dns_resolver registered
[   16.966252] microcode: CPU0 sig=0x406e3, pf=0x40, revision=0x0
[   16.967633] microcode: CPU1 sig=0x406e3, pf=0x40, revision=0x0
[   16.970424] microcode: Microcode Update Driver: v2.01 <tigran@aivazian.fsnet.co.uk>, Peter Oruba
[   16.982377] registered taskstats version 1
[   16.983399] Loading compiled-in X.509 certificates
[   17.037883] Loaded X.509 cert 'Build time autogenerated kernel key: 6ffa6bfaa152a74cd2b6aa1e188cb999d8f5632b'
[   17.132686] zswap: loaded using pool lzo/zbud
[   17.171664] tsc: Refined TSC clocksource calibration: 2400.035 MHz
[   17.200176] clocksource: tsc: mask: 0xffffffffffffffff max_cycles: 0x2298587c4a5, max_idle_ns: 440795272338 ns
[   17.201900] Key type trusted registered
[   17.204425] Key type encrypted registered
[   17.204431] AppArmor: AppArmor sha1 policy hashing enabled
[   17.204434] ima: No TPM chip found, activating TPM-bypass!
[   17.204450] evm: HMAC attrs: 0x1
[   17.204680]   Magic number: 1:626:500
[   17.210005] rtc_cmos rtc_cmos: setting system clock to 2017-01-20 21:29:16 UTC (1484947756)
[   17.210085] BIOS EDD facility v0.16 2004-Jun-25, 0 devices found
[   17.210086] EDD information not available.
[   17.399924] Freeing unused kernel memory: 1488K (ffffffff81f44000 - ffffffff820b8000)
[   17.433061] Write protecting the kernel read-only data: 14336k
[   17.462643] Freeing unused kernel memory: 1792K (ffff880001840000 - ffff880001a00000)
[   19.010472] Freeing unused kernel memory: 136K (ffff880001dde000 - ffff880001e00000)
Loading, please wait...
starting version[   19.067733] random: systemd-udevd: uninitialized urandom read (16 bytes read, 5 bits of entropy available)
 229
[   19.068388] random: udevadm: uninitialized urandom read (16 bytes read, 5 bits of entropy available)
[   19.068430] random: udevadm: uninitialized urandom read (16 bytes read, 5 bits of entropy available)
[   19.068565] random: udevadm: uninitialized urandom read (16 bytes read, 5 bits of entropy available)
[   19.068624] random: udevadm: uninitialized urandom read (16 bytes read, 5 bits of entropy available)
[   19.068716] random: udevadm: uninitialized urandom read (16 bytes read, 5 bits of entropy available)
[   19.068775] random: udevadm: uninitialized urandom read (16 bytes read, 5 bits of entropy available)
[   19.068838] random: udevadm: uninitialized urandom read (16 bytes read, 5 bits of entropy available)
[   19.068884] random: udevadm: uninitialized urandom read (16 bytes read, 5 bits of entropy available)
[   19.068930] random: udevadm: uninitialized urandom read (16 bytes read, 5 bits of entropy available)
[   19.228792] Fusion MPT base driver 3.04.20
[   19.235235] Copyright (c) 1999-2008 LSI Corporation
[   19.242491] e1000: Intel(R) PRO/1000 Network Driver - version 7.3.21-k8-NAPI
[   19.254140] e1000: Copyright (c) 1999-2006 Intel Corporation.
[   19.307467] AVX version of gcm_enc/dec engaged.
[   19.359341] AES CTR mode by8 optimization enabled
[   19.475863] Fusion MPT SPI Host driver 3.04.20
[   19.527862] input: ImExPS/2 Generic Explorer Mouse as /devices/platform/i8042/serio1/input/input4
[   19.898600] e1000 0000:00:03.0 eth0: (PCI:33MHz:32-bit) 02:ae:c9:40:65:76
[   19.956185] e1000 0000:00:03.0 eth0: Intel(R) PRO/1000 Network Connection
[   20.002016] mptbase: ioc0: Initiating bringup
[   20.005015] e1000 0000:00:03.0 enp0s3: renamed from eth0
[   20.139865] ioc0: LSI53C1030 A0: Capabilities={Initiator}
[   20.326528] scsi host2: ioc0: LSI53C1030 A0, FwRev=00000000h, Ports=1, MaxQ=256, IRQ=20
[   20.452521] scsi 2:0:0:0: Direct-Access     VBOX     HARDDISK         1.0  PQ: 0 ANSI: 5
[   21.327909] scsi target2:0:0: Beginning Domain Validation
[   21.424014] scsi target2:0:0: Domain Validation skipping write tests
[   21.590132] scsi target2:0:0: Ending Domain Validation
[   22.435326] floppy0: no floppy controllers found
[   22.435676] scsi target2:0:0: asynchronous
[   22.436339] scsi 2:0:1:0: Direct-Access     VBOX     HARDDISK         1.0  PQ: 0 ANSI: 5
[   22.436344] scsi target2:0:1: Beginning Domain Validation
[   22.442737] scsi target2:0:1: Domain Validation skipping write tests
[   22.442738] scsi target2:0:1: Ending Domain Validation
[   22.442818] scsi target2:0:1: asynchronous
[   22.648020] sd 2:0:0:0: [sda] 20971520 512-byte logical blocks: (10.7 GB/10.0 GiB)
[   22.676389] sd 2:0:0:0: Attached scsi generic sg0 type 0
[   22.679120] sd 2:0:0:0: [sda] Write Protect is off
[   22.711302] sd 2:0:1:0: [sdb] 20480 512-byte logical blocks: (10.5 MB/10.0 MiB)
[   22.711846] sd 2:0:1:0: Attached scsi generic sg1 type 0
[   22.713706] sd 2:0:0:0: [sda] Incomplete mode parameter data
[   22.713723] sd 2:0:0:0: [sda] Assuming drive cache: write through
[   22.746498]  sda: sda1
[   22.750747] sd 2:0:0:0: [sda] Attached SCSI disk
[   22.775431] sd 2:0:1:0: [sdb] Write Protect is off
[   22.779231] sd 2:0:1:0: [sdb] Incomplete mode parameter data
[   22.796174] sd 2:0:1:0: [sdb] Assuming drive cache: write through
[   22.851858] sd 2:0:1:0: [sdb] Attached SCSI disk
Begin: Loading e[   24.524164] md: linear personality registered for level -1
ssential drivers[   24.548114] md: multipath personality registered for level -4
 ... [   24.578076] md: raid0 personality registered for level 0
[   24.621608] md: raid1 personality registered for level 1
[   24.759227] raid6: sse2x1   gen()  4082 MB/s
[   24.847456] raid6: sse2x1   xor()  4172 MB/s
[   24.923539] raid6: sse2x2   gen()  7785 MB/s
[   25.047172] raid6: sse2x2   xor()  5558 MB/s
[   25.163113] raid6: sse2x4   gen()  7668 MB/s
[   25.243441] raid6: sse2x4   xor()  5390 MB/s
[   25.248067] raid6: using algorithm sse2x2 gen() 7785 MB/s
[   25.250851] raid6: .... xor() 5558 MB/s, rmw enabled
[   25.258397] raid6: using ssse3x2 recovery algorithm
[   25.288263] xor: automatically using best checksumming function:
[   25.391093]    avx       : 12530.000 MB/sec
[   25.440849] async_tx: api initialized (async)
[   25.491366] md: raid6 personality registered for level 6
[   25.550308] md: raid5 personality registered for level 5
[   25.612260] md: raid4 personality registered for level 4
[   25.641663] md: raid10 personality registered for level 10
done.
Begin: Running /scripts/init-premount ... done.
Begin: Mounting root file system ... Begin: Running /scripts/local-top ... done.
Begin: Running /scripts/local-premount ... [   25.701002] Btrfs loaded
Scanning for Btrfs filesystems
done.
Warning: fsck not present, so skipping root file[   25.953504] EXT4-fs (sda1): mounted filesystem with ordered data mode. Opts: (null)
 system
done.
Begin: Running /scripts/local-bottom ... done.
Begin: Running /scripts/init-bottom ... done.
[   26.357935] random: nonblocking pool is initialized
[   27.017431] systemd[1]: systemd 229 running in system mode. (+PAM +AUDIT +SELINUX +IMA +APPARMOR +SMACK +SYSVINIT +UTMP +LIBCRYPTSETUP +GCRYPT +GNUTLS +ACL +XZ -LZ4 +SECCOMP +BLKID +ELFUTILS +KMOD -IDN)
[   27.177900] systemd[1]: Detected virtualization oracle.
[   27.186768] systemd[1]: Detected architecture x86-64.

Welcome to [1mUbuntu 16.04.1 LTS[0m!

[   27.261173] systemd[1]: Set hostname to <ubuntu>.
[   27.287546] systemd[1]: Initializing machine ID from random generator.
[   27.346014] systemd[1]: Installed transient /etc/machine-id file.
[   28.691116] systemd[1]: Listening on Journal Socket (/dev/log).
[[0;32m  OK  [0m] Listening on Journal Socket (/dev/log).
[   28.744215] systemd[1]: Listening on Device-mapper event daemon FIFOs.
[[0;32m  OK  [0m] Listening on Device-mapper event daemon FIFOs.
[   28.799995] systemd[1]: Reached target User and Group Name Lookups.
[[0;32m  OK  [0m] Reached target User and Group Name Lookups.
[   28.822109] systemd[1]: Reached target Encrypted Volumes.
[[0;32m  OK  [0m] Reached target Encrypted Volumes.
[   28.847924] systemd[1]: Created slice System Slice.
[[0;32m  OK  [0m] Created slice System Slice.
[   28.918697] systemd[1]: Listening on LVM2 poll daemon socket.
[[0;32m  OK  [0m] Listening on LVM2 poll daemon socket.
[   28.975826] systemd[1]: Created slice system-serial\x2dgetty.slice.
[[0;32m  OK  [0m] Created slice system-serial\x2dgetty.slice.
[   29.000224] systemd[1]: Set up automount Arbitrary Executable File Formats File System Automount Point.
[[0;32m  OK  [0m] Set up automount Arbitrary Executab...ats File System Automount Point.
[   29.111772] systemd[1]: Listening on Journal Socket.
[[0;32m  OK  [0m] Listening on Journal Socket.
[   29.204044] systemd[1]: Starting Nameserver information manager...
         Starting Nameserver information manager...
[   29.343686] systemd[1]: Starting Set console keymap...
         Starting Set console keymap...
[   29.419868] systemd[1]: Starting Remount Root and Kernel File Systems...
         Starting Remount Root and Kernel File Systems...
[   29.551679] systemd[1]: Mounting Debug File System...
         Mounting Debug File System...
[   29.615148] systemd[1]: Mounting Huge Pages File System...
         Mounting Huge Pages File System...
[   29.643894] EXT4-fs (sda1): re-mounted. Opts: (null)
[   29.646816] systemd[1]: Starting Create list of required static device nodes for the current kernel...
         Starting Create list of required st... nodes for the current kernel...
[   29.695791] systemd[1]: Starting Uncomplicated firewall...
         Starting Uncomplicated firewall...
[   29.874495] systemd[1]: Listening on /dev/initctl Compatibility Named Pipe.
[[0;32m  OK  [0m] Listening on /dev/initctl Compatibility Named Pipe.
[   29.923341] systemd[1]: Listening on Syslog Socket.
[[0;32m  OK  [0m] Listening on Syslog Socket.
[   30.019507] systemd[1]: Reached target Swap.
[[0;32m  OK  [0m] Reached target Swap.
[   30.083722] systemd[1]: Mounting POSIX Message Queue File System...
         Mounting POSIX Message Queue File System...
[  30.143683] systemd[1]: Lienng on VM2 metadata daemon socket.
[[0;32m  OK  [0m] Listening on LVM2 metadata daemon socket.
[   30.451903] systemd[1]: Starting Monitoring of LVM2 mirrors, snapshots etc. using dmeventd or progress polling...
         Starting Monitoring of LVM2 mirrors... dmeventd or progress polling...
[   30.521872] systemd[1]: Listening on Journa Audit Socket.
[[0;32m  OK  [0m] Listening on Journal Audit Socket.
[   30.715638] systemd[1]: Starting Journal Service...
         Starting Journal Service...
[   30.791343] systemd[1]: Started Forward Password Requests to Wall Directory Watch.
[[0;32m  OK  [0m] Started Forward Password Requests to Wall Directory Watch.
[   .819453] systemd[1]:isening on udev Control Sket.

[[0;32m  OK  [0m] Listening on udev Control Socket.
[  31.360225] systemd[1]: Listening on udev Kernel Socket.
[[0;32m  OK  [0m] Listening on udev Kernel Socket.
[   31.535562] systemd[1]: Starting Load Kernel Modules...
         Starting Load Kernel Modules...
[   31.609287] systemd[1]: Create slice User and Sesson Slice.

[[0;32m  OK  [0m] Created slice User and Session Slice.
[  31.781872] systemd[1]: Reahed targetSlices.
[[0;32m  OK  [0m] Reached targe[   32.000372] Loading iSCSI transport class v2.0-870.
t Slices.
[   32.077601] systemd[1]: Mounted POSIX Message Queue File System.
[[0;32m  OK  [0[   32.110210] iscsi: registered transport (tcp)
m] Mounted POSIX Message Queue File System.
[   32.151379] systemd[1]: Mounted Huge Pages File System.
[[0;32m  OK  [0m] Mounted Huge Pages File System.
[   32.198333] systemd[1]: Mounted Debug File System.
[[0;32m  OK  [0m] Mounted Debug File System.
[   32.219350] systemd[1]: Started Journal Service.
[[0;32m  OK  [0m] Started Journal Service.
[   32.273072] iscsi: registered transport (iser)
[[0;32m  OK  [0m] Started Set console keymap.
[[0;32m  OK  [0m] Started Remount Root and Kernel File Systems.
[[0;32m  OK  [0m] Started Create list of required sta...ce nodes for the current kernel.
[[0;32m  OK  [0m] Started Uncomplicated firewall.
[[0;32m  OK  [0m] Started Load Kernel Modules.
[[0;32m  OK  [0m] Started Nameserver information manager.
[[0;32m  OK  [0m] Started LVM2 metadata daemon.
         Mounting FUSE Control File System...
         Starting Apply Kernel Variables...
         Starting Create Static Device Nodes in /dev...
         Starting Initial cloud-init job (pre-networking)...
         Starting udev Coldplug all Devices...
         Starting Load/Save Random Seed...
         Starting Flush Journal to Persistent Storage...
[[0;32m  OK  [0m] Mounted FUSE Control File System.
[[0;32m  OK  [0m] Started Apply Kernel Variables.
[[0;32m  OK  [0m] Started Monitoring of LVM2 mirrors,...ng dmeventd or progress polling.
[[0;32m  OK  [0m] Started Load/Save Random Seed.
[[0;32m  OK  [0m] Started Flush Journal to Persistent Storage.
[[0;32m  OK  [0m] Started udev Coldplug all Devices.
[[0;32m  OK  [0m] Started Create Static Device Nodes in /dev.
         Starting udev Kernel Device Manager...
[[0;32m  OK  [0m] Started udev Kernel Device Manager.
[[0;32m  OK  [0m] Reached target Local File Systems (Pre).
[[0;32m  OK  [0m] Reached target Local File Systems.
         Starting Create Volatile Files and Directories...
         Starting LSB: AppArmor initialization...
         Starting Set console font and keymap...
         Starting Commit a transient machine-id on disk...
         Starting Tell Plymouth To Write Out Runtime Data...
[[0;32m  OK  [0m] Started Dispatch Password Requests to Console Directory Watch.
[[0;32m  OK  [0m] Started Create Volatile Files and Directories.
[[0;32m  OK  [0m] Started Commit a transient machine-id on disk.
[[0;32m  OK  [0m] Started Tell Plymouth To Write Out Runtime Data.
         Starting Update UTMP about System Boot/Shutdown...
[[0;32m  OK  [0m] Reached target System Time Synchronized.
[[0;32m  OK  [0m] Found device /dev/ttyS0.
[[0;32m  OK  [0m] Started Update UTMP about System Boot/Shutdown.
[[0;32m  OK  [0m] Started Set console font and keymap.
[[0;32m  OK  [0m] Created slice system-getty.slice.
[[0;32m  OK  [0m] Listening on Load/Save RF Kill Switch Status /dev/rfkill Watch.
[[0;32m  OK  [0m] Started LSB: AppArmor initialization.
[   60.634907] cloud-init[470]: Cloud-init v. 0.7.8 running 'init-local' at Fri, 20 Jan 2017 21:30:09 +0000. Up 59.36 seconds.
[[0;32m  OK  [0m] Started Initial cloud-init job (pre-networking).
[[0;32m  OK  [0m] Reached target Network (Pre).
         Starting Raise network interfaces...
[[0;32m  OK  [0m] Started Raise network interfaces.
         Starting Initial cloud-init job (metadata service crawler)...
[[0;32m  OK  [0m] Reached target Network.
[   64.223749] cloud-init[1040]: Cloud-init v. 0.7.8 running 'init' at Fri, 20 Jan 2017 21:30:12 +0000. Up 62.00 seconds.
[   64.238304] cloud-init[1040]: ci-info: +++++++++++++++++++++++++++++++++++++Net device info++++++++++++++++++++++++++++++++++++++
[   64.276718] cloud-init[1040]: ci-info: +--------+------+----------------------------+---------------+-------+-------------------+
[   64.308907] cloud-init[1040]: ci-info: | Device |  Up  |          Address           |      Mask     | Scope |     Hw-Address    |
[   64.309239] cloud-init[1040]: ci-info: +--------+------+----------------------------+---------------+-------+-------------------+
[[0;32m  OK  [0m] Started Initial cloud-init job (metadata service crawler).
[   64.309388] cloud-init[1040]: ci-info: |   lo   | True |         127.0.0.1          |   255.0.0.0   |   .   |         .         |
[   64.811674] cloud-init[1040]: ci-info: |   lo   | True |          ::1/128           |       .       |  host |         .         |
[   64.812656] cloud-init[1040]: ci-info: | enp0s3 | True |         10.0.2.15          | 255.255.255.0 |   .   | 02:ae:c9:40:65:76 |
[[0;32m  OK  [0m] Reached target Network is Online.
[   64.812830] cloud-init[1040]: ci-info: | enp0s3 | True | fe80::ae:c9ff:fe40:6576/64 |       .       |  link | 02:ae:c9:40:65:76 |
[   64.968744] cloud-init[1040]: ci-info: +--------+------+----------------------------+---------------+-------+-------------------+
         Starting iSCSI initiator daemon (iscsid)...
[[0;32m  OK  [0m] Reached target Cloud-config availability.
[[0;32m  OK  [0m] Reached target System Initialization.
[[0;32m  OK  [0m] Listening on ACPID Listen Socket.
[[0;32m  OK  [0m] Listening on UUID daemon activation socket.
[   65.067846] cloud-init[1040]: ci-info: +++++++++++++++++++++++++++Route IPv4 info++++++++++++++++++++++++++++
[   65.208284] [cloud-init[0;32m  OK  [0m[1040]: ] ci-info: +-------+-------------+----------+---------------+-----------+-------+Started ACPI Events Check.

[   65.208815] cloud-init[1040]: ci-info: | Route | Destination | Gateway  |    Genmask    | Interface | Flags |
         Starting Socket activation for snappy daemon.
[[0;32m  OK  [0m] Started Daily Cleanup of Temporary Directories.
[[0;32m  OK  [0m] Listening on D-Bus System Message Bus Socket.
[   65.267673] cloud-init[1040]: ci-info: +-------+-------------+----------+---------------+-----------+-------+
[   65.268550] cloud-init[1040]: ci-info: |   0   |   0.0.0.0   | 10.0.2.2 |    0.0.0.0    |   enp0s3  |   UG  |
[[   65.268589] [0;32m  OK  [0mcloud-init] [1040]: Started Timer to automatically refresh installed snaps.ci-info: |   1   |   10.0.2.0  | 0.0.0.0  | 255.255.255.0 |   enp0s3  |   U   |

[   65.268713] cloud-init[1040]: ci-info: +-------+-------------+----------+---------------+-----------+-------+
[   65.391672] cloud-init[1040]: Generating public/private rsa key pair.
         Starting LXD - unix socket.
[   65.392234] [cloud-init[0;32m  OK  [0m[1040]: ] Your identification has been saved in /etc/ssh/ssh_host_rsa_key.Started Daily apt activities.

[   65.415366] [cloud-init[1040]: Your public key has been saved in /etc/ssh/ssh_host_rsa_key.pub.
[0;32m  OK  [0m] Reached target Timers.
[[0;32m  OK  [0m] Started Trigger resolvconf update for networkd DNS.
[[0;32m  OK  [0m] Reached target Paths.
[   65.441617] cloud-init[1040]: The key fingerprint is:
[   65.599548] [cloud-init[0;32m  OK  [0m[1040]: ] SHA256:fSrhlcEcCFslva/30fQjdGUPaI9bz9+4kQSfaqlTn9k root@ubuntu-xenialListening on Socket activation for snappy daemon.

[[0;32m  OK  [0m] Listening on LXD - unix socket.
[[0;32m  OK  [0m] Started iSCSI initiator daemon (iscsid).
[   65.778072] cloud-init[1040]: The key's randomart image is:
[   65.794163] cloud-init[1040]: +---[RSA 2048]----+
[   65.808359]          cloud-initStarting Login to default iSCSI targets...[1040]: 
|      ..o+o      |
[[0;32m  OK  [0m] Reached target Sockets.
[[0;32m  OK  [0m] Reached target Basic System.
[   65.809324] cloud-init[1040]: |       o.+.. .   |
[   65.864701] cloud-init         [1040]: Starting Accounts Service...|      .   +.+ . o|

[   65.865570] cloud-init[1040]: |         ..+ = +o|
[   65.951912]          cloud-initStarting Login Service...[1040]: 
|        S +.o.*.o|
[   65.988784]          cloud-initStarting Apply the settings specified in cloud-config...[1040]: 
|       . o o+*.*.|
[   66.064780]          cloud-initStarting LSB: MD monitoring daemon...[1040]: 
|        o .o=o+==|
[[0;32m  OK  [0m] Started Deferred execution scheduler.
[   66.118170] cloud-init[1040]: |         .oo. =+E|
[   66.174251] cloud-init[1040]: |          .o .+.o|
[   66.200175]          cloud-initStarting Pollinate to seed the pseudo random number generator...[1040]: 
+----[SHA256]-----+
[[0;32m  OK  [0m] Started Regular background program processing daemon.
[   66.318413] cloud-init[1040]: Generating public/private dsa key pair.
[   66.372388] cloud-init[1040]: Your identification has been saved in /etc/ssh/ssh_host_dsa_key.
[   66.429210] cloud-init[1040]: Your public key has been saved in /etc/ssh/ssh_host_dsa_key.pub.
[   66.442101] cloud-init[1040]: The key fingerprint is:
[   66.445831] cloud-init[1040]: SHA256:f8dKuTt3M0xO261P4SGWtGf1+2Q/z6ktMpSWxAs5cMo root@ubuntu-xenial
[   66.450484] cloud-init[1040]: The key's randomart image is:
[   66.455636] cloud-init[1040]: +---[DSA 1024]----+
[   66.488540] [cloud-init[0;32m  OK  [0m[1040]: ] |                 |Started ACPI event daemon.

[   66.489106] cloud-init[1040]: |       . .       |
         Starting System Logging Service...
[   66.539175] cloud-init[1040]: |      . + o  .  .|
[   66.546227] cloud-init[1040]: |       E + o. o o|
[[0;32m  OK  [0m] Started D-Bus System Message Bus.
[   66.547213] cloud-init[1040]: |        S + += =.|
[   66.562626] cloud-init[1040]: |         . *.o=o+|
[   66.573086] cloud-init[1040]: |          + + BoB|
[   66.577608] cloud-init[1040]: |           =.=o%B|
[   66.627537] cloud-init[1040]: |            *=+*@|
[   66.645182] cloud-init[1040]: +----[SHA256]-----+
[   66.652534] cloud-init[1040]: Generating public/private ecdsa key pair.
[   66.726163] cloud-init[1040]: Your identification has been saved in /etc/ssh/ssh_host_ecdsa_key.
[   66.744675] cloud-init[1040]: Your public key has been saved in /etc/ssh/ssh_host_ecdsa_key.pub.
[   66.763893] cloud-init[1040]: The key fingerprint is:
[   66.781227] cloud-init[1040]: SHA256:YCi169yV5PVtPWRVLVaJGDKmE6Qg7CclsIYKy/ilkMw root@ubuntu-xenial
[   66.787648] cloud-init[1040]: The key's randomart image is:
[   66.846064] cloud-init[1040]: +---[ECDSA 256]---+
[   66.851143] cloud-init[1040]: |+. .. .o + .o ..B|
[   66.893158] cloud-init[1040]: |.+.o.o. + o. .o.o|
[   66.910028] cloud-init[1040]: |=.+ o.oo. .  . + |
[   66.914272] cloud-init[1040]: |O= o o +.o . .o. |
[   66.976522] cloud-init[1040]: |*Eo o   S   . o..|
[   66.992399] cloud-init[1040]: | o = . .     .  .|
[   67.024707] cloud-init[1040]: |  o o .          |
[   67.063998] cloud-init[1040]: |                 |
[   67.084564] cloud-init[1040]: |                 |
[   67.107131] cloud-init[1040]: +----[SHA256]-----+
[   67.136943] cloud-init[1040]: Generating public/private ed25519 key pair.
[   67.173124] cloud-init[1040]: Your identification has been saved in /etc/ssh/ssh_host_ed25519_key.
[   67.261109] cloud-init[1040]: Your public key has been saved in /etc/ssh/ssh_host_ed25519_key.pub.
[   67.304297] cloud-init[1040]: The key fingerprint is:
[   67.346340] cloud-init[1040]: SHA256:+Ug7G5vwxnvY6P8/TLSWynC9kIYcMnAXi0w6pOCvQ5g root@ubuntu-xenial
[   67.404434] cloud-init[1040]: The key's randomart image is:
[   67.433240] cloud-init[1040]: +--[ED25519 256]--+
[   67.476432] cloud-init[1040]: |  .   . . ..     |
[   67.508701] cloud-init[1040]: | . . o.+....     |
[   67.544813] cloud-init[1040]: |  . . ooo..      |
[   67.560786] cloud-init[1040]: | o .   .o..   .  |
[   67.596562] cloud-init[1040]: |E . .   S+ o + o |
[   67.602146] cloud-init[1040]: | . .   . ++ = *  |
[   67.631622] cloud-init[1040]: |  o   ..=+.= * . |
[   67.641038] cloud-init[1040]: |   .   o=*o o +  |
[   67.651030] cloud-init[1040]: |       oB+...... |
[   67.677192] cloud-init[1040]: +----[SHA256]-----+
[   67.749748] cloud-init[1141]: Generating locales (this might take a while)...
         Starting /etc/rc.local Compatibility...
         Starting LSB: Record successful boot for GRUB...
[[0;32m  OK  [0m] Started Snappy daemon.
         Starting Auto import assertions from block devices...
         Starting LXD - container startup/shutdown...
[[0;32m  OK  [0m] Started FUSE filesystem for LXC.
[[0;32m  OK  [0m] Started System Logging Service.
[[0;32m  OK  [0m] Started /etc/rc.local Compatibility.
[[0;32m  OK  [0m] Started Auto import assertions from block devices.
[[0;32m  OK  [0m] Started LSB: Record successful boot for GRUB.
[[0;32m  OK  [0m] Started Login Service.
         Starting Authenticate and Authorize Users to Run Privileged Tasks...
[[0;32m  OK  [0m] Started Login to default iSCSI targets.
[[0;32m  OK  [0m] Reached target Remote File Systems (Pre).
[[0;32m  OK  [0m] Reached target Remote File Systems.
         Starting LSB: automatic crash report generation...
         Starting LSB: VirtualBox Linux Additions...
         Starting LSB: Set the CPU Frequency Scaling governor to "ondemand"...
         Starting LSB: daemon to balance interrupts for SMP systems...
         Starting Permit User Sessions...
[[0;32m  OK  [0m] Started LSB: MD monitoring daemon.
[[0;32m  OK  [0m] Started Permit User Sessions.
[[0;32m  OK  [0m] Started Authenticate and Authorize Users to Run Privileged Tasks.
[[0;32m  OK  [0m] Started Accounts Service.
[[0;32m  OK  [0m] Started LSB: Set the CPU Frequency Scaling governor to "ondemand".
         Starting Hold until boot process finishes up...
         Starting Terminate Plymouth Boot Screen...
[[0;32m  OK  [0m] Started Hold until boot process finishes up.
[[0;32m  OK  [0m] Started Terminate Plymouth Boot Screen.
[[0;32m  OK  [0m] Started Getty on tty1.
[[0;32m  OK  [0m] Started Serial Getty on ttyS0.
[[0;32m  OK  [0m] Reached target Login Prompts.
         Starting Set console scheme...
[[0;32m  OK  [0m] Started Set console scheme.
[[0;32m  OK  [0m] Started LSB: daemon to balance interrupts for SMP systems.
[[0;32m  OK  [0m] Started LSB: automatic crash report generation.
[[0;32m  OK  [0m] Started LSB: VirtualBox Linux Additions.
[[0;32m  OK  [0m] Started LXD - container startup/shutdown.
[[0;32m  OK  [0m] Started Pollinate to seed the pseudo random number generator.
         Starting OpenBSD Secure Shell server...
[[0;32m  OK  [0m] Started OpenBSD Secure Shell server.
[[0;32m  OK  [0m] Reached target Multi-User System.
[[0;32m  OK  [0m] Reached target Graphical Interface.
         Starting Update UTMP about System Runlevel Changes...
[[0;32m  OK  [0m] Started Update UTMP about System Runlevel Changes.

Ubuntu 16.04.1 LTS ubuntu-xenial ttyS0

ubuntu-xenial login: [  102.164615] cloud-init[1141]:   en_US.UTF-8... done
[  102.168549] cloud-init[1141]: Generation complete.
[  106.006108] cloud-init[1141]: Cloud-init v. 0.7.8 running 'modules:config' at Fri, 20 Jan 2017 21:30:16 +0000. Up 66.44 seconds.
ci-info: no authorized ssh keys fingerprints found for user ubuntu.
<14>Jan 20 21:30:57 ec2: 
<14>Jan 20 21:30:57 ec2: #############################################################
<14>Jan 20 21:30:57 ec2: -----BEGIN SSH HOST KEY FINGERPRINTS-----
<14>Jan 20 21:30:57 ec2: 1024 SHA256:f8dKuTt3M0xO261P4SGWtGf1+2Q/z6ktMpSWxAs5cMo root@ubuntu-xenial (DSA)
<14>Jan 20 21:30:57 ec2: 256 SHA256:YCi169yV5PVtPWRVLVaJGDKmE6Qg7CclsIYKy/ilkMw root@ubuntu-xenial (ECDSA)
<14>Jan 20 21:30:57 ec2: 256 SHA256:+Ug7G5vwxnvY6P8/TLSWynC9kIYcMnAXi0w6pOCvQ5g root@ubuntu-xenial (ED25519)
<14>Jan 20 21:30:57 ec2: 2048 SHA256:fSrhlcEcCFslva/30fQjdGUPaI9bz9+4kQSfaqlTn9k root@ubuntu-xenial (RSA)
<14>Jan 20 21:30:57 ec2: -----END SSH HOST KEY FINGERPRINTS-----
<14>Jan 20 21:30:57 ec2: #############################################################
-----BEGIN SSH HOST KEY KEYS-----
ecdsa-sha2-nistp256 AAAAE2VjZHNhLXNoYTItbmlzdHAyNTYAAAAIbmlzdHAyNTYAAABBBBUteZmQAldjmO5zmZ46IzaceKpIA72d1rHUf6ipkUKBQXQudvqK0Z/Cr/JRC2sVmBiNUWsE9R6D3X1wVOC+IBs= root@ubuntu-xenial
ssh-ed25519 AAAAC3NzaC1lZDI1NTE5AAAAIOaWWctzADTWZ8bFE6bhchStJxREuWvcb/M7IUSEo1Bf root@ubuntu-xenial
ssh-rsa AAAAB3NzaC1yc2EAAAADAQABAAABAQC5X9Q5Ms6ka+OPczVX72VVyXOIcl73FPTsG3rkJnVoekMfclZ7VvVP8pI0Cn8PRscp9iBq0CbX6gSXLPBvk1gTkxkezfNSJiEbvDK8LXf/8r7diUcgtnetzdrWC/QZGFSRBCX7q8UA8/u4TACuiRx+Qb9e+088nevjTyA3bhO2ogl+wZOuzSc4Cs6QTur0OpTepfdpeybUWR3+S2ghV/QLx6GhEb3e77S1bQor3Uo2us5jal8P6TR1AIfBnDwK1wwidK069yNR2paNUGFC4V+zgALpo7Nuy/EZbIJobJudYzY/pknPpTmvjMhtyjcIq1d2RcPfPCEE5a9tn9v6Mj3X root@ubuntu-xenial
-----END SSH HOST KEY KEYS-----
[  107.085880] cloud-init[1588]: Cloud-init v. 0.7.8 running 'modules:final' at Fri, 20 Jan 2017 21:30:57 +0000. Up 106.58 seconds.
[  107.085991] cloud-init[1588]: ci-info: no authorized ssh keys fingerprints found for user ubuntu.
[  107.086072] cloud-init[1588]: Cloud-init v. 0.7.8 finished at Fri, 20 Jan 2017 21:30:57 +0000. Datasource DataSourceNoCloud [seed=/dev/sdb][dsmode=net].  Up 107.06 seconds
